Added Component: Designator=C1(C2-Small)
Added Component: Designator=C2(C2-Small)
Added Component: Designator=D1(D1(minimelf))
Added Component: Designator=D2(D1(minimelf))
Added Component: Designator=D3(D1(minimelf))
Added Component: Designator=D4(D1(minimelf))
Added Component: Designator=H1(Header1x2)
Added Component: Designator=H2(Header1x2)
Added Component: Designator=H3(H1x1)
Added Component: Designator=H4(H1x1)
Added Component: Designator=IC1(DIP14)
Added Component: Designator=IC2(DIP14)
Added Component: Designator=O1(Aimtec-AM1D)
Added Component: Designator=R1(R 0805)
Added Component: Designator=R2(R 0805)
Added Component: Designator=R3(R 0805)
Added Component: Designator=R4(R 0805)
Added Component: Designator=R5(R 0805)
Added Component: Designator=R6(R 0805)
Added Component: Designator=R7(R 0805)
Added Component: Designator=R8(R 0805)
Added Component: Designator=R9(R 0805)
Added Component: Designator=R10(R 0805)
Added Component: Designator=R11(R 0805)
Added Component: Designator=R12(R 0805)
Added Component: Designator=R13(R 0805)
Added Component: Designator=R14(R 0805)
Added Component: Designator=R15(R 0805)
Added Component: Designator=R16(R 0805)
Added Component: Designator=R17(R 0805)
Added Component: Designator=R18(R 0805)
Added Component: Designator=S1(Header1x2)
Added Component: Designator=S2(Header1x2)
Added Component: Designator=T1(sot23)
Added Component: Designator=T2(sot23)
Added Component: Designator=TR1(TRIM)
Added Component: Designator=TR2(TRIM)
Added Component: Designator=TR3(TRIM)
Added Component: Designator=TR4(TRIM)
Added Component: Designator=TR5(TRIM)
Added Component: Designator=TR6(TRIM)
Added Pin To Net: NetName=+5V Pin=D1-2
Added Pin To Net: NetName=+5V Pin=D3-2
Added Pin To Net: NetName=+5V Pin=TR1-1
Added Pin To Net: NetName=+5V Pin=TR2-1
Added Net: Name=+5V
Added Pin To Net: NetName=+12 VCC Pin=C1-1
Added Pin To Net: NetName=+12 VCC Pin=IC1-4
Added Pin To Net: NetName=+12 VCC Pin=IC2-4
Added Pin To Net: NetName=+12 VCC Pin=O1-5
Added Net: Name=+12 VCC
Added Pin To Net: NetName=+24V Pin=O1-1
Added Net: Name=+24V
Added Pin To Net: NetName=-12 VCC Pin=C2-2
Added Pin To Net: NetName=-12 VCC Pin=IC1-11
Added Pin To Net: NetName=-12 VCC Pin=IC2-11
Added Pin To Net: NetName=-12 VCC Pin=O1-3
Added Net: Name=-12 VCC
Added Pin To Net: NetName=GND1 Pin=O1-2
Added Net: Name=GND1
Added Pin To Net: NetName=GND Pin=C1-2
Added Pin To Net: NetName=GND Pin=C2-1
Added Pin To Net: NetName=GND Pin=H1-1
Added Pin To Net: NetName=GND Pin=H2-1
Added Pin To Net: NetName=GND Pin=IC1-5
Added Pin To Net: NetName=GND Pin=IC2-5
Added Pin To Net: NetName=GND Pin=O1-4
Added Pin To Net: NetName=GND Pin=R1-1
Added Pin To Net: NetName=GND Pin=R2-1
Added Pin To Net: NetName=GND Pin=R12-2
Added Pin To Net: NetName=GND Pin=R13-1
Added Pin To Net: NetName=GND Pin=R16-2
Added Pin To Net: NetName=GND Pin=R17-1
Added Pin To Net: NetName=GND Pin=S1-2
Added Pin To Net: NetName=GND Pin=S2-2
Added Net: Name=GND
Added Pin To Net: NetName=NetD1_1 Pin=D1-1
Added Pin To Net: NetName=NetD1_1 Pin=D2-2
Added Net: Name=NetD1_1
Added Pin To Net: NetName=NetD2_1 Pin=D2-1
Added Pin To Net: NetName=NetD2_1 Pin=R1-2
Added Pin To Net: NetName=NetD2_1 Pin=T1-1
Added Net: Name=NetD2_1
Added Pin To Net: NetName=NetD3_1 Pin=D3-1
Added Pin To Net: NetName=NetD3_1 Pin=D4-2
Added Net: Name=NetD3_1
Added Pin To Net: NetName=NetD4_1 Pin=D4-1
Added Pin To Net: NetName=NetD4_1 Pin=R2-2
Added Pin To Net: NetName=NetD4_1 Pin=T2-1
Added Net: Name=NetD4_1
Added Pin To Net: NetName=NetH1_2 Pin=H1-2
Added Pin To Net: NetName=NetH1_2 Pin=IC1-14
Added Pin To Net: NetName=NetH1_2 Pin=R11-1
Added Pin To Net: NetName=NetH1_2 Pin=TR5-1
Added Net: Name=NetH1_2
Added Pin To Net: NetName=NetH2_2 Pin=H2-2
Added Pin To Net: NetName=NetH2_2 Pin=IC2-14
Added Pin To Net: NetName=NetH2_2 Pin=R15-1
Added Pin To Net: NetName=NetH2_2 Pin=TR6-1
Added Net: Name=NetH2_2
Added Pin To Net: NetName=NetH3_1 Pin=H3-1
Added Pin To Net: NetName=NetH3_1 Pin=IC1-8
Added Pin To Net: NetName=NetH3_1 Pin=IC1-12
Added Pin To Net: NetName=NetH3_1 Pin=R14-2
Added Net: Name=NetH3_1
Added Pin To Net: NetName=NetH4_1 Pin=H4-1
Added Pin To Net: NetName=NetH4_1 Pin=IC2-8
Added Pin To Net: NetName=NetH4_1 Pin=IC2-12
Added Pin To Net: NetName=NetH4_1 Pin=R18-2
Added Net: Name=NetH4_1
Added Pin To Net: NetName=NetIC1_1 Pin=IC1-1
Added Pin To Net: NetName=NetIC1_1 Pin=R3-2
Added Pin To Net: NetName=NetIC1_1 Pin=R4-1
Added Net: Name=NetIC1_1
Added Pin To Net: NetName=NetIC1_2 Pin=IC1-2
Added Pin To Net: NetName=NetIC1_2 Pin=R4-2
Added Pin To Net: NetName=NetIC1_2 Pin=TR3-2
Added Pin To Net: NetName=NetIC1_2 Pin=TR3-3
Added Net: Name=NetIC1_2
Added Pin To Net: NetName=NetIC1_3 Pin=IC1-3
Added Pin To Net: NetName=NetIC1_3 Pin=S1-1
Added Pin To Net: NetName=NetIC1_3 Pin=T1-3
Added Net: Name=NetIC1_3
Added Pin To Net: NetName=NetIC1_6 Pin=IC1-6
Added Pin To Net: NetName=NetIC1_6 Pin=R5-1
Added Pin To Net: NetName=NetIC1_6 Pin=TR3-1
Added Net: Name=NetIC1_6
Added Pin To Net: NetName=NetIC1_7 Pin=IC1-7
Added Pin To Net: NetName=NetIC1_7 Pin=R5-2
Added Pin To Net: NetName=NetIC1_7 Pin=R6-1
Added Net: Name=NetIC1_7
Added Pin To Net: NetName=NetIC1_9 Pin=IC1-9
Added Pin To Net: NetName=NetIC1_9 Pin=R6-2
Added Pin To Net: NetName=NetIC1_9 Pin=R14-1
Added Net: Name=NetIC1_9
Added Pin To Net: NetName=NetIC1_10 Pin=IC1-10
Added Pin To Net: NetName=NetIC1_10 Pin=R3-1
Added Pin To Net: NetName=NetIC1_10 Pin=R13-2
Added Net: Name=NetIC1_10
Added Pin To Net: NetName=NetIC1_13 Pin=IC1-13
Added Pin To Net: NetName=NetIC1_13 Pin=R11-2
Added Pin To Net: NetName=NetIC1_13 Pin=R12-1
Added Pin To Net: NetName=NetIC1_13 Pin=TR5-2
Added Pin To Net: NetName=NetIC1_13 Pin=TR5-3
Added Net: Name=NetIC1_13
Added Pin To Net: NetName=NetIC2_1 Pin=IC2-1
Added Pin To Net: NetName=NetIC2_1 Pin=R7-2
Added Pin To Net: NetName=NetIC2_1 Pin=R8-1
Added Net: Name=NetIC2_1
Added Pin To Net: NetName=NetIC2_2 Pin=IC2-2
Added Pin To Net: NetName=NetIC2_2 Pin=R8-2
Added Pin To Net: NetName=NetIC2_2 Pin=TR4-2
Added Pin To Net: NetName=NetIC2_2 Pin=TR4-3
Added Net: Name=NetIC2_2
Added Pin To Net: NetName=NetIC2_3 Pin=IC2-3
Added Pin To Net: NetName=NetIC2_3 Pin=S2-1
Added Pin To Net: NetName=NetIC2_3 Pin=T2-3
Added Net: Name=NetIC2_3
Added Pin To Net: NetName=NetIC2_6 Pin=IC2-6
Added Pin To Net: NetName=NetIC2_6 Pin=R9-1
Added Pin To Net: NetName=NetIC2_6 Pin=TR4-1
Added Net: Name=NetIC2_6
Added Pin To Net: NetName=NetIC2_7 Pin=IC2-7
Added Pin To Net: NetName=NetIC2_7 Pin=R9-2
Added Pin To Net: NetName=NetIC2_7 Pin=R10-1
Added Net: Name=NetIC2_7
Added Pin To Net: NetName=NetIC2_9 Pin=IC2-9
Added Pin To Net: NetName=NetIC2_9 Pin=R10-2
Added Pin To Net: NetName=NetIC2_9 Pin=R18-1
Added Net: Name=NetIC2_9
Added Pin To Net: NetName=NetIC2_10 Pin=IC2-10
Added Pin To Net: NetName=NetIC2_10 Pin=R7-1
Added Pin To Net: NetName=NetIC2_10 Pin=R17-2
Added Net: Name=NetIC2_10
Added Pin To Net: NetName=NetIC2_13 Pin=IC2-13
Added Pin To Net: NetName=NetIC2_13 Pin=R15-2
Added Pin To Net: NetName=NetIC2_13 Pin=R16-1
Added Pin To Net: NetName=NetIC2_13 Pin=TR6-2
Added Pin To Net: NetName=NetIC2_13 Pin=TR6-3
Added Net: Name=NetIC2_13
Added Pin To Net: NetName=NetT1_2 Pin=T1-2
Added Pin To Net: NetName=NetT1_2 Pin=TR1-2
Added Pin To Net: NetName=NetT1_2 Pin=TR1-3
Added Net: Name=NetT1_2
Added Pin To Net: NetName=NetT2_2 Pin=T2-2
Added Pin To Net: NetName=NetT2_2 Pin=TR2-2
Added Pin To Net: NetName=NetT2_2 Pin=TR2-3
Added Net: Name=NetT2_2
Added Class: Name=Sema
Added Room: Name=Sema
