Added Component: Designator=C1(C2(elektrolit))
Added Component: Designator=C2(C1(ceramic))
Added Component: Designator=C3(C1(ceramic))
Added Component: Designator=C4(C2(elektrolit))
Added Component: Designator=C5(C1(ceramic))
Added Component: Designator=H1(Header1x2)
Added Component: Designator=H2(Header1x2)
Added Component: Designator=IC1(TO220)
Added Component: Designator=Q1(TO220)
Added Component: Designator=R1(R1(300milsa))
Added Pin To Net: NetName=24V Pin=C1-1
Added Pin To Net: NetName=GND Pin=C1-2
Added Pin To Net: NetName=24V Pin=C2-1
Added Pin To Net: NetName=GND Pin=C2-2
Added Pin To Net: NetName=NetC3_1 Pin=C3-1
Added Pin To Net: NetName=GND Pin=C3-2
Added Pin To Net: NetName=12V Pin=C4-1
Added Pin To Net: NetName=GND Pin=C4-2
Added Pin To Net: NetName=12V Pin=C5-1
Added Pin To Net: NetName=GND Pin=C5-2
Added Pin To Net: NetName=24V Pin=H1-1
Added Pin To Net: NetName=GND Pin=H1-2
Added Pin To Net: NetName=GND Pin=H2-1
Added Pin To Net: NetName=12V Pin=H2-2
Added Pin To Net: NetName=NetC3_1 Pin=IC1-1
Added Pin To Net: NetName=GND Pin=IC1-2
Added Pin To Net: NetName=12V Pin=IC1-3
Added Pin To Net: NetName=NetC3_1 Pin=Q1-1
Added Pin To Net: NetName=12V Pin=Q1-2
Added Pin To Net: NetName=24V Pin=Q1-3
Added Pin To Net: NetName=NetC3_1 Pin=R1-1
Added Pin To Net: NetName=24V Pin=R1-2
Added Member To Class: ClassName=Shema Member=Component C1 1000uF
Added Member To Class: ClassName=Shema Member=Component C2 100n
Added Member To Class: ClassName=Shema Member=Component C3 1uF
Added Member To Class: ClassName=Shema Member=Component C4 10uF
Added Member To Class: ClassName=Shema Member=Component C5 10n
Added Member To Class: ClassName=Shema Member=Component H1 Header1x2
Added Member To Class: ClassName=Shema Member=Component H2 Header1x2
Added Member To Class: ClassName=Shema Member=Component IC1 7812
Added Member To Class: ClassName=Shema Member=Component Q1 MOSFET
Added Member To Class: ClassName=Shema Member=Component R1 47
Added Room: Name=Shema
