Added Component: Designator=1n4148(D1(300milsa))
Added Component: Designator=100n(C1(ceramic))
Added Component: Designator=C1(C2(elektrolit))
Added Component: Designator=C2(C2(elektrolit))
Added Component: Designator=C3(C1(ceramic))
Added Component: Designator=C4(C1(ceramic))
Added Component: Designator=C5(C2(elektrolit))
Added Component: Designator=C6(C2(elektrolit))
Added Component: Designator=C7(C1(ceramic))
Added Component: Designator=C8(C2(elektrolit))
Added Component: Designator=C9(C1(ceramic))
Added Component: Designator=C10(C2(elektrolit))
Added Component: Designator=C11(C1(ceramic))
Added Component: Designator=C12(C1(ceramic))
Added Component: Designator=Coil1(Coil_14x8)
Added Component: Designator=D2(D2(TO220))
Added Component: Designator=D3(D1(300milsa))
Added Component: Designator=D4(D1(300milsa))
Added Component: Designator=D5(D1(300milsa))
Added Component: Designator=D6(D1(300milsa))
Added Component: Designator=D7(D1(300milsa))
Added Component: Designator=D8(D1(300milsa))
Added Component: Designator=Encoder1(Encoder)
Added Component: Designator=IC1(DIP8)
Added Component: Designator=IC2(TO220)
Added Component: Designator=K2(Klema)
Added Component: Designator=K3(Klema)
Added Component: Designator=K4(Klema)
Added Component: Designator=Klema1(Klema)
Added Component: Designator=LCD1(LCD_Screen)
Added Component: Designator=LD1(LED(3mm))
Added Component: Designator=LD2(LED(3mm))
Added Component: Designator=LD3(LED(3mm))
Added Component: Designator=LD4(LED(3mm))
Added Component: Designator=LD5(LED(3mm))
Added Component: Designator=LD6(LED(3mm))
Added Component: Designator=MCU(Nucleo411)
Added Component: Designator=Q1(TO-92)
Added Component: Designator=Q2(N-Channel MOSFET)
Added Component: Designator=Q3(TO-92)
Added Component: Designator=Q4(TO-92)
Added Component: Designator=Q5(TO-92)
Added Component: Designator=Q6(TO-92)
Added Component: Designator=Q7(TO-92)
Added Component: Designator=Q8(TO-92)
Added Component: Designator=Q9(TO126)
Added Component: Designator=Q10(TO126)
Added Component: Designator=Q11(TO126)
Added Component: Designator=Q12(TO126)
Added Component: Designator=Q13(TO126)
Added Component: Designator=Q14(TO126)
Added Component: Designator=R1(R1(2W))
Added Component: Designator=R2(R1(300milsa))
Added Component: Designator=R3(R1(300milsa))
Added Component: Designator=R4(R1(300milsa))
Added Component: Designator=R5(R1(300milsa))
Added Component: Designator=R6(R1(300milsa))
Added Component: Designator=R7(R1(300milsa))
Added Component: Designator=R8(R1(300milsa))
Added Component: Designator=R9(R1(300milsa))
Added Component: Designator=R10(R1(300milsa))
Added Component: Designator=R11(R1(300milsa))
Added Component: Designator=R12(R1(300milsa))
Added Component: Designator=R13(R1(300milsa))
Added Component: Designator=R14(R1(300milsa))
Added Component: Designator=R15(R1(300milsa))
Added Component: Designator=R16(R1(300milsa))
Added Component: Designator=R17(R1(300milsa))
Added Component: Designator=R18(R1(300milsa))
Added Component: Designator=R19(R1(300milsa))
Added Component: Designator=R20(R1(300milsa))
Added Component: Designator=R21(R1(300milsa))
Added Component: Designator=R22(R1(300milsa))
Added Component: Designator=R23(R1(300milsa))
Added Component: Designator=R24(R1(300milsa))
Added Component: Designator=R25(R1(300milsa))
Added Component: Designator=R26(R1(300milsa))
Added Component: Designator=R27(R1(300milsa))
Added Component: Designator=R28(R1(300milsa))
Added Component: Designator=R29(R1(300milsa))
Added Component: Designator=R30(R1(300milsa))
Added Component: Designator=R31(R1(300milsa))
Added Component: Designator=R32(R1(300milsa))
Added Component: Designator=R33(R1(300milsa))
Added Component: Designator=R34(R1(300milsa))
Added Component: Designator=R35(R1(300milsa))
Added Component: Designator=TR1(TRIM)
Added Component: Designator=Trim1(TRIM)
Added Component: Designator=ZD1(D1(300milsa))
Added Pin To Net: NetName=+5 Pin=100n-2
Added Pin To Net: NetName=+5 Pin=C9-1
Added Pin To Net: NetName=+5 Pin=C10-1
Added Pin To Net: NetName=+5 Pin=Encoder1-5
Added Pin To Net: NetName=+5 Pin=IC2-3
Added Pin To Net: NetName=+5 Pin=LCD1-2
Added Pin To Net: NetName=+5 Pin=LCD1-15
Added Pin To Net: NetName=+5 Pin=MCU-18
Added Pin To Net: NetName=+5 Pin=R31-2
Added Pin To Net: NetName=+5 Pin=R32-2
Added Pin To Net: NetName=+5 Pin=Trim1-3
Added Net: Name=+5
Added Pin To Net: NetName=+24V Pin=C5-1
Added Pin To Net: NetName=+24V Pin=C6-1
Added Pin To Net: NetName=+24V Pin=D2-2
Added Pin To Net: NetName=+24V Pin=Q9-1
Added Pin To Net: NetName=+24V Pin=Q10-1
Added Pin To Net: NetName=+24V Pin=Q11-1
Added Pin To Net: NetName=+24V Pin=Q12-1
Added Pin To Net: NetName=+24V Pin=Q13-1
Added Pin To Net: NetName=+24V Pin=Q14-1
Added Pin To Net: NetName=+24V Pin=R12-2
Added Pin To Net: NetName=+24V Pin=R13-2
Added Pin To Net: NetName=+24V Pin=R14-2
Added Pin To Net: NetName=+24V Pin=R15-2
Added Pin To Net: NetName=+24V Pin=R16-2
Added Pin To Net: NetName=+24V Pin=R17-2
Added Net: Name=+24V
Added Pin To Net: NetName=12V Pin=C1-1
Added Pin To Net: NetName=12V Pin=C2-1
Added Pin To Net: NetName=12V Pin=C3-2
Added Pin To Net: NetName=12V Pin=C7-1
Added Pin To Net: NetName=12V Pin=C8-1
Added Pin To Net: NetName=12V Pin=IC1-6
Added Pin To Net: NetName=12V Pin=IC2-1
Added Pin To Net: NetName=12V Pin=Klema1-2
Added Pin To Net: NetName=12V Pin=R1-1
Added Pin To Net: NetName=12V Pin=ZD1-2
Added Net: Name=12V
Added Pin To Net: NetName=B1 Pin=K2-1
Added Pin To Net: NetName=B1 Pin=Q9-2
Added Pin To Net: NetName=B1 Pin=R24-1
Added Net: Name=B1
Added Pin To Net: NetName=B2 Pin=K2-2
Added Pin To Net: NetName=B2 Pin=Q10-2
Added Pin To Net: NetName=B2 Pin=R25-1
Added Net: Name=B2
Added Pin To Net: NetName=B3 Pin=K3-1
Added Pin To Net: NetName=B3 Pin=Q11-2
Added Pin To Net: NetName=B3 Pin=R26-1
Added Net: Name=B3
Added Pin To Net: NetName=B4 Pin=K3-2
Added Pin To Net: NetName=B4 Pin=Q12-2
Added Pin To Net: NetName=B4 Pin=R27-1
Added Net: Name=B4
Added Pin To Net: NetName=D4 Pin=LCD1-11
Added Pin To Net: NetName=D4 Pin=MCU-38
Added Net: Name=D4
Added Pin To Net: NetName=D5 Pin=LCD1-12
Added Pin To Net: NetName=D5 Pin=MCU-36
Added Net: Name=D5
Added Pin To Net: NetName=D6 Pin=LCD1-13
Added Pin To Net: NetName=D6 Pin=MCU-35
Added Net: Name=D6
Added Pin To Net: NetName=D7 Pin=LCD1-14
Added Net: Name=D7
Added Pin To Net: NetName=EN Pin=LCD1-6
Added Pin To Net: NetName=EN Pin=MCU-32
Added Net: Name=EN
Added Pin To Net: NetName=GND Pin=100n-1
Added Pin To Net: NetName=GND Pin=C1-2
Added Pin To Net: NetName=GND Pin=C2-2
Added Pin To Net: NetName=GND Pin=C3-1
Added Pin To Net: NetName=GND Pin=C4-1
Added Pin To Net: NetName=GND Pin=C5-2
Added Pin To Net: NetName=GND Pin=C6-2
Added Pin To Net: NetName=GND Pin=C7-2
Added Pin To Net: NetName=GND Pin=C8-2
Added Pin To Net: NetName=GND Pin=C9-2
Added Pin To Net: NetName=GND Pin=C10-2
Added Pin To Net: NetName=GND Pin=C11-1
Added Pin To Net: NetName=GND Pin=C12-2
Added Pin To Net: NetName=GND Pin=Encoder1-3
Added Pin To Net: NetName=GND Pin=IC1-4
Added Pin To Net: NetName=GND Pin=IC2-2
Added Pin To Net: NetName=GND Pin=Klema1-1
Added Pin To Net: NetName=GND Pin=LCD1-1
Added Pin To Net: NetName=GND Pin=LCD1-5
Added Pin To Net: NetName=GND Pin=LD1-2
Added Pin To Net: NetName=GND Pin=LD2-2
Added Pin To Net: NetName=GND Pin=LD3-2
Added Pin To Net: NetName=GND Pin=LD4-2
Added Pin To Net: NetName=GND Pin=LD5-2
Added Pin To Net: NetName=GND Pin=LD6-2
Added Pin To Net: NetName=GND Pin=MCU-8
Added Pin To Net: NetName=GND Pin=MCU-19
Added Pin To Net: NetName=GND Pin=MCU-20
Added Pin To Net: NetName=GND Pin=MCU-22
Added Pin To Net: NetName=GND Pin=MCU-47
Added Pin To Net: NetName=GND Pin=MCU-77
Added Pin To Net: NetName=GND Pin=MCU-78
Added Pin To Net: NetName=GND Pin=MCU-79
Added Pin To Net: NetName=GND Pin=MCU-80
Added Pin To Net: NetName=GND Pin=Q1-3
Added Pin To Net: NetName=GND Pin=Q2-3
Added Pin To Net: NetName=GND Pin=Q3-2
Added Pin To Net: NetName=GND Pin=Q4-3
Added Pin To Net: NetName=GND Pin=Q5-3
Added Pin To Net: NetName=GND Pin=Q6-3
Added Pin To Net: NetName=GND Pin=Q7-3
Added Pin To Net: NetName=GND Pin=Q8-3
Added Pin To Net: NetName=GND Pin=R4-1
Added Pin To Net: NetName=GND Pin=R5-1
Added Pin To Net: NetName=GND Pin=R35-2
Added Pin To Net: NetName=GND Pin=TR1-1
Added Pin To Net: NetName=GND Pin=Trim1-1
Added Pin To Net: NetName=GND Pin=ZD1-1
Added Net: Name=GND
Added Pin To Net: NetName=INTA Pin=C12-1
Added Pin To Net: NetName=INTA Pin=MCU-1
Added Pin To Net: NetName=INTA Pin=R34-2
Added Net: Name=INTA
Added Pin To Net: NetName=INTB Pin=C11-2
Added Pin To Net: NetName=INTB Pin=MCU-3
Added Pin To Net: NetName=INTB Pin=R33-2
Added Net: Name=INTB
Added Pin To Net: NetName=Net1n4148_1 Pin=1n4148-1
Added Pin To Net: NetName=Net1n4148_1 Pin=IC1-2
Added Pin To Net: NetName=Net1n4148_1 Pin=Q1-1
Added Pin To Net: NetName=Net1n4148_1 Pin=R5-2
Added Net: Name=Net1n4148_1
Added Pin To Net: NetName=Net1n4148_2 Pin=1n4148-2
Added Pin To Net: NetName=Net1n4148_2 Pin=Q1-2
Added Pin To Net: NetName=Net1n4148_2 Pin=Q2-1
Added Pin To Net: NetName=Net1n4148_2 Pin=R4-2
Added Net: Name=Net1n4148_2
Added Pin To Net: NetName=NetC4_2 Pin=C4-2
Added Pin To Net: NetName=NetC4_2 Pin=IC1-3
Added Net: Name=NetC4_2
Added Pin To Net: NetName=NetCoil1_1 Pin=Coil1-1
Added Pin To Net: NetName=NetCoil1_1 Pin=IC1-1
Added Pin To Net: NetName=NetCoil1_1 Pin=IC1-7
Added Pin To Net: NetName=NetCoil1_1 Pin=R1-2
Added Pin To Net: NetName=NetCoil1_1 Pin=R2-2
Added Net: Name=NetCoil1_1
Added Pin To Net: NetName=NetCoil1_2 Pin=Coil1-2
Added Pin To Net: NetName=NetCoil1_2 Pin=D2-1
Added Pin To Net: NetName=NetCoil1_2 Pin=Q2-2
Added Net: Name=NetCoil1_2
Added Pin To Net: NetName=NetD3_2 Pin=D3-2
Added Pin To Net: NetName=NetD3_2 Pin=R6-1
Added Net: Name=NetD3_2
Added Pin To Net: NetName=NetD4_2 Pin=D4-2
Added Pin To Net: NetName=NetD4_2 Pin=R7-1
Added Net: Name=NetD4_2
Added Pin To Net: NetName=NetD5_2 Pin=D5-2
Added Pin To Net: NetName=NetD5_2 Pin=R8-1
Added Net: Name=NetD5_2
Added Pin To Net: NetName=NetD6_2 Pin=D6-2
Added Pin To Net: NetName=NetD6_2 Pin=R9-1
Added Net: Name=NetD6_2
Added Pin To Net: NetName=NetD7_2 Pin=D7-2
Added Pin To Net: NetName=NetD7_2 Pin=R10-1
Added Net: Name=NetD7_2
Added Pin To Net: NetName=NetD8_2 Pin=D8-2
Added Pin To Net: NetName=NetD8_2 Pin=R11-1
Added Net: Name=NetD8_2
Added Pin To Net: NetName=NetEncoder1_1 Pin=Encoder1-1
Added Pin To Net: NetName=NetEncoder1_1 Pin=R32-1
Added Pin To Net: NetName=NetEncoder1_1 Pin=R34-1
Added Net: Name=NetEncoder1_1
Added Pin To Net: NetName=NetEncoder1_2 Pin=Encoder1-2
Added Pin To Net: NetName=NetEncoder1_2 Pin=R31-1
Added Pin To Net: NetName=NetEncoder1_2 Pin=R33-1
Added Net: Name=NetEncoder1_2
Added Pin To Net: NetName=NetIC1_5 Pin=IC1-5
Added Pin To Net: NetName=NetIC1_5 Pin=R3-2
Added Net: Name=NetIC1_5
Added Pin To Net: NetName=NetIC1_8 Pin=IC1-8
Added Pin To Net: NetName=NetIC1_8 Pin=R2-1
Added Net: Name=NetIC1_8
Added Pin To Net: NetName=NetLCD1_3 Pin=LCD1-3
Added Pin To Net: NetName=NetLCD1_3 Pin=Trim1-2
Added Net: Name=NetLCD1_3
Added Pin To Net: NetName=NetLCD1_16 Pin=LCD1-16
Added Pin To Net: NetName=NetLCD1_16 Pin=R30-1
Added Net: Name=NetLCD1_16
Added Pin To Net: NetName=NetLD1_1 Pin=LD1-1
Added Pin To Net: NetName=NetLD1_1 Pin=R24-2
Added Net: Name=NetLD1_1
Added Pin To Net: NetName=NetLD2_1 Pin=LD2-1
Added Pin To Net: NetName=NetLD2_1 Pin=R25-2
Added Net: Name=NetLD2_1
Added Pin To Net: NetName=NetLD3_1 Pin=LD3-1
Added Pin To Net: NetName=NetLD3_1 Pin=R26-2
Added Net: Name=NetLD3_1
Added Pin To Net: NetName=NetLD4_1 Pin=LD4-1
Added Pin To Net: NetName=NetLD4_1 Pin=R27-2
Added Net: Name=NetLD4_1
Added Pin To Net: NetName=NetLD5_1 Pin=LD5-1
Added Pin To Net: NetName=NetLD5_1 Pin=R28-2
Added Net: Name=NetLD5_1
Added Pin To Net: NetName=NetLD6_1 Pin=LD6-1
Added Pin To Net: NetName=NetLD6_1 Pin=R29-2
Added Net: Name=NetLD6_1
Added Pin To Net: NetName=NetQ3_1 Pin=Q3-1
Added Pin To Net: NetName=NetQ3_1 Pin=R6-2
Added Net: Name=NetQ3_1
Added Pin To Net: NetName=NetQ3_3 Pin=Q3-3
Added Pin To Net: NetName=NetQ3_3 Pin=R12-1
Added Pin To Net: NetName=NetQ3_3 Pin=R18-1
Added Net: Name=NetQ3_3
Added Pin To Net: NetName=NetQ4_1 Pin=Q4-1
Added Pin To Net: NetName=NetQ4_1 Pin=R7-2
Added Net: Name=NetQ4_1
Added Pin To Net: NetName=NetQ4_2 Pin=Q4-2
Added Pin To Net: NetName=NetQ4_2 Pin=R13-1
Added Pin To Net: NetName=NetQ4_2 Pin=R19-1
Added Net: Name=NetQ4_2
Added Pin To Net: NetName=NetQ5_1 Pin=Q5-1
Added Pin To Net: NetName=NetQ5_1 Pin=R8-2
Added Net: Name=NetQ5_1
Added Pin To Net: NetName=NetQ5_2 Pin=Q5-2
Added Pin To Net: NetName=NetQ5_2 Pin=R14-1
Added Pin To Net: NetName=NetQ5_2 Pin=R20-1
Added Net: Name=NetQ5_2
Added Pin To Net: NetName=NetQ6_1 Pin=Q6-1
Added Pin To Net: NetName=NetQ6_1 Pin=R9-2
Added Net: Name=NetQ6_1
Added Pin To Net: NetName=NetQ6_2 Pin=Q6-2
Added Pin To Net: NetName=NetQ6_2 Pin=R15-1
Added Pin To Net: NetName=NetQ6_2 Pin=R21-1
Added Net: Name=NetQ6_2
Added Pin To Net: NetName=NetQ7_1 Pin=Q7-1
Added Pin To Net: NetName=NetQ7_1 Pin=R10-2
Added Net: Name=NetQ7_1
Added Pin To Net: NetName=NetQ7_2 Pin=Q7-2
Added Pin To Net: NetName=NetQ7_2 Pin=R16-1
Added Pin To Net: NetName=NetQ7_2 Pin=R22-1
Added Net: Name=NetQ7_2
Added Pin To Net: NetName=NetQ8_1 Pin=Q8-1
Added Pin To Net: NetName=NetQ8_1 Pin=R11-2
Added Net: Name=NetQ8_1
Added Pin To Net: NetName=NetQ8_2 Pin=Q8-2
Added Pin To Net: NetName=NetQ8_2 Pin=R17-1
Added Pin To Net: NetName=NetQ8_2 Pin=R23-1
Added Net: Name=NetQ8_2
Added Pin To Net: NetName=NetQ9_3 Pin=Q9-3
Added Pin To Net: NetName=NetQ9_3 Pin=R18-2
Added Net: Name=NetQ9_3
Added Pin To Net: NetName=NetQ10_3 Pin=Q10-3
Added Pin To Net: NetName=NetQ10_3 Pin=R19-2
Added Net: Name=NetQ10_3
Added Pin To Net: NetName=NetQ11_3 Pin=Q11-3
Added Pin To Net: NetName=NetQ11_3 Pin=R20-2
Added Net: Name=NetQ11_3
Added Pin To Net: NetName=NetQ12_3 Pin=Q12-3
Added Pin To Net: NetName=NetQ12_3 Pin=R21-2
Added Net: Name=NetQ12_3
Added Pin To Net: NetName=NetQ13_3 Pin=Q13-3
Added Pin To Net: NetName=NetQ13_3 Pin=R22-2
Added Net: Name=NetQ13_3
Added Pin To Net: NetName=NetQ14_3 Pin=Q14-3
Added Pin To Net: NetName=NetQ14_3 Pin=R23-2
Added Net: Name=NetQ14_3
Added Pin To Net: NetName=NetR3_1 Pin=R3-1
Added Pin To Net: NetName=NetR3_1 Pin=TR1-2
Added Pin To Net: NetName=NetR3_1 Pin=TR1-3
Added Net: Name=NetR3_1
Added Pin To Net: NetName=P1 Pin=D3-1
Added Pin To Net: NetName=P1 Pin=MCU-60
Added Net: Name=P1
Added Pin To Net: NetName=P2 Pin=D4-1
Added Pin To Net: NetName=P2 Pin=MCU-62
Added Net: Name=P2
Added Pin To Net: NetName=P3 Pin=MCU-64
Added Net: Name=P3
Added Pin To Net: NetName=P4 Pin=D6-1
Added Pin To Net: NetName=P4 Pin=MCU-66
Added Net: Name=P4
Added Pin To Net: NetName=POWER Pin=K4-2
Added Pin To Net: NetName=POWER Pin=Q14-2
Added Pin To Net: NetName=POWER Pin=R29-1
Added Net: Name=POWER
Added Pin To Net: NetName=PUMPA Pin=K4-1
Added Pin To Net: NetName=PUMPA Pin=Q13-2
Added Pin To Net: NetName=PUMPA Pin=R28-1
Added Net: Name=PUMPA
Added Pin To Net: NetName=PUN Pin=D7-1
Added Pin To Net: NetName=PUN Pin=MCU-68
Added Net: Name=PUN
Added Pin To Net: NetName=PWR Pin=D8-1
Added Pin To Net: NetName=PWR Pin=MCU-63
Added Net: Name=PWR
Added Pin To Net: NetName=RS Pin=LCD1-4
Added Pin To Net: NetName=RS Pin=MCU-34
Added Net: Name=RS
Added Pin To Net: NetName=TAS Pin=Encoder1-4
Added Pin To Net: NetName=TAS Pin=MCU-2
Added Pin To Net: NetName=TAS Pin=R35-1
Added Net: Name=TAS
Added Class: Name=DiplomskiRad
Added Room: Name=DiplomskiRad
