Added Component: Designator=C1(C1(ceramic))
Added Component: Designator=C2(C1(ceramic))
Added Component: Designator=C3(C2(elektrolit))
Added Component: Designator=C4(C2(elektrolit))
Added Component: Designator=C5(C1(ceramic))
Added Component: Designator=Header1(HEADER2x10)
Added Component: Designator=IC1(TO220)
Added Component: Designator=Klema1(Klema)
Added Component: Designator=Klema2(Klema)
Added Component: Designator=LD1(LED(3mm))
Added Component: Designator=Osigurac1(Osigurac)
Added Component: Designator=Q1(TO220)
Added Component: Designator=R1(R1(300milsa))
Added Component: Designator=R2(R1(300milsa))
Added Component: Designator=R3(R1(2W))
Added Component: Designator=R4(R1(300milsa))
Added Pin To Net: NetName=GND Pin=C1-1
Added Pin To Net: NetName=GND Pin=C2-2
Added Pin To Net: NetName=GND Pin=C3-2
Added Pin To Net: NetName=GND Pin=C4-2
Added Pin To Net: NetName=GND Pin=C5-2
Added Pin To Net: NetName=GND Pin=Header1-2
Added Pin To Net: NetName=GND Pin=Header1-4
Added Pin To Net: NetName=GND Pin=Header1-6
Added Pin To Net: NetName=GND Pin=Header1-8
Added Pin To Net: NetName=GND Pin=Header1-10
Added Pin To Net: NetName=GND Pin=Header1-12
Added Pin To Net: NetName=GND Pin=Header1-14
Added Pin To Net: NetName=GND Pin=Header1-16
Added Pin To Net: NetName=GND Pin=Header1-18
Added Pin To Net: NetName=GND Pin=Header1-20
Added Pin To Net: NetName=GND Pin=IC1-2
Added Pin To Net: NetName=GND Pin=Klema1-1
Added Pin To Net: NetName=GND Pin=Klema2-1
Added Pin To Net: NetName=GND Pin=R4-1
Added Net: Name=GND
Added Pin To Net: NetName=NetC1_2 Pin=C1-2
Added Pin To Net: NetName=NetC1_2 Pin=IC1-1
Added Pin To Net: NetName=NetC1_2 Pin=R3-2
Added Net: Name=NetC1_2
Added Pin To Net: NetName=NetC2_1 Pin=C2-1
Added Pin To Net: NetName=NetC2_1 Pin=C4-1
Added Pin To Net: NetName=NetC2_1 Pin=LD1-1
Added Pin To Net: NetName=NetC2_1 Pin=Osigurac1-2
Added Pin To Net: NetName=NetC2_1 Pin=R3-1
Added Net: Name=NetC2_1
Added Pin To Net: NetName=NetC3_1 Pin=C3-1
Added Pin To Net: NetName=NetC3_1 Pin=C5-1
Added Pin To Net: NetName=NetC3_1 Pin=Header1-1
Added Pin To Net: NetName=NetC3_1 Pin=Header1-3
Added Pin To Net: NetName=NetC3_1 Pin=Header1-5
Added Pin To Net: NetName=NetC3_1 Pin=Header1-7
Added Pin To Net: NetName=NetC3_1 Pin=Header1-9
Added Pin To Net: NetName=NetC3_1 Pin=Header1-11
Added Pin To Net: NetName=NetC3_1 Pin=Header1-13
Added Pin To Net: NetName=NetC3_1 Pin=Header1-15
Added Pin To Net: NetName=NetC3_1 Pin=Header1-17
Added Pin To Net: NetName=NetC3_1 Pin=Header1-19
Added Pin To Net: NetName=NetC3_1 Pin=IC1-3
Added Net: Name=NetC3_1
Added Pin To Net: NetName=NetKlema1_2 Pin=Klema1-2
Added Pin To Net: NetName=NetKlema1_2 Pin=Q1-3
Added Pin To Net: NetName=NetKlema1_2 Pin=R1-2
Added Net: Name=NetKlema1_2
Added Pin To Net: NetName=NetKlema2_2 Pin=Klema2-2
Added Pin To Net: NetName=NetKlema2_2 Pin=R2-2
Added Net: Name=NetKlema2_2
Added Pin To Net: NetName=NetLD1_2 Pin=LD1-2
Added Pin To Net: NetName=NetLD1_2 Pin=R4-2
Added Net: Name=NetLD1_2
Added Pin To Net: NetName=NetOsigurac1_1 Pin=Osigurac1-1
Added Pin To Net: NetName=NetOsigurac1_1 Pin=Q1-2
Added Net: Name=NetOsigurac1_1
Added Pin To Net: NetName=NetQ1_1 Pin=Q1-1
Added Pin To Net: NetName=NetQ1_1 Pin=R1-1
Added Pin To Net: NetName=NetQ1_1 Pin=R2-1
Added Net: Name=NetQ1_1
Added Class: Name=Sheet1
Added Room: Name=Sheet1
