Added Component: Designator=100uF(C2(elektrolit))
Added Component: Designator=C1(C2(elektrolit))
Added Component: Designator=C2(C1(ceramic))
Added Component: Designator=C4(C2(elektrolit))
Added Component: Designator=C5(C2(elektrolit))
Added Component: Designator=C6(C2(elektrolit))
Added Component: Designator=C7(C2(elektrolit))
Added Component: Designator=C8(C2(elektrolit))
Added Component: Designator=C9(C2(elektrolit))
Added Component: Designator=D1(D1(300milsa))
Added Component: Designator=D2(D1(300milsa))
Added Component: Designator=D3(D2(5A))
Added Component: Designator=D4(D1(300milsa))
Added Component: Designator=D5(D2(5A))
Added Component: Designator=D6(D1(300milsa))
Added Component: Designator=D7(D2(5A))
Added Component: Designator=FUSE1(Osigurac)
Added Component: Designator=IC1(TO220)
Added Component: Designator=IC2(LM2576)
Added Component: Designator=IC3(LM2576)
Added Component: Designator=IC4(LM2576)
Added Component: Designator=KL1(Klema)
Added Component: Designator=KL2(Klema)
Added Component: Designator=KL3(Klema)
Added Component: Designator=KL4(Klema)
Added Component: Designator=KL5(Klema)
Added Component: Designator=KL6(Klema)
Added Component: Designator=KL7(Klema)
Added Component: Designator=KL8(Klema)
Added Component: Designator=KL9(Klema)
Added Component: Designator=KL10(Klema)
Added Component: Designator=KL11(Klema)
Added Component: Designator=L1(Coil(600mils))
Added Component: Designator=L2(Coil(600mils))
Added Component: Designator=L3(Coil(600mils))
Added Component: Designator=LD1(LED(3mm))
Added Component: Designator=LD2(LED(3mm))
Added Component: Designator=LD3(LED(3mm))
Added Component: Designator=LD4(LED(3mm))
Added Component: Designator=LD5(LED(3mm))
Added Component: Designator=Q1(TO220)
Added Component: Designator=Q2(TO220)
Added Component: Designator=Q3(TO-92)
Added Component: Designator=Q4(TO-92)
Added Component: Designator=Q5(TO220)
Added Component: Designator=Q6(TO-92)
Added Component: Designator=Q7(TO-92)
Added Component: Designator=Q8(TO220)
Added Component: Designator=Q9(TO-92)
Added Component: Designator=Q10(TO-92)
Added Component: Designator=Q11(TO220)
Added Component: Designator=R1(R1(300milsa))
Added Component: Designator=R2(R1(300milsa))
Added Component: Designator=R3(R1(2W))
Added Component: Designator=R4(R1(300milsa))
Added Component: Designator=R5(R1(300milsa))
Added Component: Designator=R6(R1(300milsa))
Added Component: Designator=R7(R1(300milsa))
Added Component: Designator=R8(R1(300milsa))
Added Component: Designator=R10(R1(300milsa))
Added Component: Designator=R11(R1(300milsa))
Added Component: Designator=R12(R1(300milsa))
Added Component: Designator=R13(R1(300milsa))
Added Component: Designator=R15(R1(300milsa))
Added Component: Designator=R16(R1(300milsa))
Added Component: Designator=R17(R1(300milsa))
Added Component: Designator=R18(R1(300milsa))
Added Component: Designator=R20(R1(300milsa))
Added Component: Designator=R21(R1(300milsa))
Added Component: Designator=R22(R1(300milsa))
Added Component: Designator=R23(R1(300milsa))
Added Component: Designator=R24(R1(300milsa))
Added Component: Designator=R25(R1(300milsa))
Added Component: Designator=R26(R1(300milsa))
Added Component: Designator=R27(R1(300milsa))
Added Component: Designator=TR1(TRIM)
Added Component: Designator=TR2(TRIM)
Added Component: Designator=TR3(TRIM)
Added Pin To Net: NetName=+12V Pin=100uF-1
Added Pin To Net: NetName=GND Pin=100uF-2
Added Pin To Net: NetName=+15V Pin=C1-1
Added Pin To Net: NetName=GND Pin=C1-2
Added Pin To Net: NetName=GND Pin=C2-1
Added Pin To Net: NetName=NetC2_2 Pin=C2-2
Added Pin To Net: NetName=+15V Pin=C4-1
Added Pin To Net: NetName=GND Pin=C4-2
Added Pin To Net: NetName=5V-RPI Pin=C5-1
Added Pin To Net: NetName=GND Pin=C5-2
Added Pin To Net: NetName=+15V Pin=C6-1
Added Pin To Net: NetName=GND Pin=C6-2
Added Pin To Net: NetName=5V-NUC Pin=C7-1
Added Pin To Net: NetName=GND Pin=C7-2
Added Pin To Net: NetName=+15V Pin=C8-1
Added Pin To Net: NetName=GND Pin=C8-2
Added Pin To Net: NetName=5V-SERVO Pin=C9-1
Added Pin To Net: NetName=GND Pin=C9-2
Added Pin To Net: NetName=NetD1_1 Pin=D1-1
Added Pin To Net: NetName=+12V Pin=D1-2
Added Pin To Net: NetName=NetD2_1 Pin=D2-1
Added Pin To Net: NetName=NetD2_2 Pin=D2-2
Added Pin To Net: NetName=GND Pin=D3-1
Added Pin To Net: NetName=NetD3_2 Pin=D3-2
Added Pin To Net: NetName=NetD4_1 Pin=D4-1
Added Pin To Net: NetName=NetD4_2 Pin=D4-2
Added Pin To Net: NetName=GND Pin=D5-1
Added Pin To Net: NetName=NetD5_2 Pin=D5-2
Added Pin To Net: NetName=NetD6_1 Pin=D6-1
Added Pin To Net: NetName=NetD6_2 Pin=D6-2
Added Pin To Net: NetName=GND Pin=D7-1
Added Pin To Net: NetName=NetD7_2 Pin=D7-2
Added Pin To Net: NetName=NetFUSE1_1 Pin=FUSE1-1
Added Pin To Net: NetName=+15V Pin=FUSE1-2
Added Pin To Net: NetName=NetD1_1 Pin=IC1-1
Added Pin To Net: NetName=+12V Pin=IC1-2
Added Pin To Net: NetName=NetC2_2 Pin=IC1-3
Added Pin To Net: NetName=+15V Pin=IC2-1
Added Pin To Net: NetName=NetIC2_2 Pin=IC2-2
Added Pin To Net: NetName=GND Pin=IC2-3
Added Pin To Net: NetName=NetIC2_4 Pin=IC2-4
Added Pin To Net: NetName=GND Pin=IC2-5
Added Pin To Net: NetName=+15V Pin=IC3-1
Added Pin To Net: NetName=NetIC3_2 Pin=IC3-2
Added Pin To Net: NetName=GND Pin=IC3-3
Added Pin To Net: NetName=NetIC3_4 Pin=IC3-4
Added Pin To Net: NetName=GND Pin=IC3-5
Added Pin To Net: NetName=+15V Pin=IC4-1
Added Pin To Net: NetName=NetIC4_2 Pin=IC4-2
Added Pin To Net: NetName=GND Pin=IC4-3
Added Pin To Net: NetName=NetIC4_4 Pin=IC4-4
Added Pin To Net: NetName=GND Pin=IC4-5
Added Pin To Net: NetName=GND Pin=KL1-1
Added Pin To Net: NetName=NetKL1_2 Pin=KL1-2
Added Pin To Net: NetName=GND Pin=KL2-1
Added Pin To Net: NetName=NetKL2_2 Pin=KL2-2
Added Pin To Net: NetName=+12V Pin=KL3-1
Added Pin To Net: NetName=GND Pin=KL3-2
Added Pin To Net: NetName=+12V Pin=KL4-1
Added Pin To Net: NetName=GND Pin=KL4-2
Added Pin To Net: NetName=+12V Pin=KL5-1
Added Pin To Net: NetName=GND Pin=KL5-2
Added Pin To Net: NetName=5V-RPI Pin=KL6-1
Added Pin To Net: NetName=GND Pin=KL6-2
Added Pin To Net: NetName=5V-RPI Pin=KL7-1
Added Pin To Net: NetName=GND Pin=KL7-2
Added Pin To Net: NetName=5V-NUC Pin=KL8-1
Added Pin To Net: NetName=GND Pin=KL8-2
Added Pin To Net: NetName=5V-NUC Pin=KL9-1
Added Pin To Net: NetName=GND Pin=KL9-2
Added Pin To Net: NetName=5V-SERVO Pin=KL10-1
Added Pin To Net: NetName=GND Pin=KL10-2
Added Pin To Net: NetName=5V-SERVO Pin=KL11-1
Added Pin To Net: NetName=GND Pin=KL11-2
Added Pin To Net: NetName=NetD3_2 Pin=L1-1
Added Pin To Net: NetName=5V-RPI Pin=L1-2
Added Pin To Net: NetName=NetD5_2 Pin=L2-1
Added Pin To Net: NetName=5V-NUC Pin=L2-2
Added Pin To Net: NetName=NetD7_2 Pin=L3-1
Added Pin To Net: NetName=5V-SERVO Pin=L3-2
Added Pin To Net: NetName=NetLD1_1 Pin=LD1-1
Added Pin To Net: NetName=GND Pin=LD1-2
Added Pin To Net: NetName=NetLD2_1 Pin=LD2-1
Added Pin To Net: NetName=GND Pin=LD2-2
Added Pin To Net: NetName=NetLD3_1 Pin=LD3-1
Added Pin To Net: NetName=GND Pin=LD3-2
Added Pin To Net: NetName=NetLD4_1 Pin=LD4-1
Added Pin To Net: NetName=GND Pin=LD4-2
Added Pin To Net: NetName=NetLD5_1 Pin=LD5-1
Added Pin To Net: NetName=GND Pin=LD5-2
Added Pin To Net: NetName=NetQ1_1 Pin=Q1-1
Added Pin To Net: NetName=NetKL1_2 Pin=Q1-2
Added Pin To Net: NetName=NetFUSE1_1 Pin=Q1-3
Added Pin To Net: NetName=NetC2_2 Pin=Q2-1
Added Pin To Net: NetName=+15V Pin=Q2-2
Added Pin To Net: NetName=+12V Pin=Q2-3
Added Pin To Net: NetName=NetQ3_1 Pin=Q3-1
Added Pin To Net: NetName=NetD2_2 Pin=Q3-2
Added Pin To Net: NetName=GND Pin=Q3-3
Added Pin To Net: NetName=NetD2_2 Pin=Q4-1
Added Pin To Net: NetName=+15V Pin=Q4-2
Added Pin To Net: NetName=NetD2_1 Pin=Q4-3
Added Pin To Net: NetName=NetD2_1 Pin=Q5-1
Added Pin To Net: NetName=NetD3_2 Pin=Q5-2
Added Pin To Net: NetName=+15V Pin=Q5-3
Added Pin To Net: NetName=NetQ6_1 Pin=Q6-1
Added Pin To Net: NetName=NetD4_2 Pin=Q6-2
Added Pin To Net: NetName=GND Pin=Q6-3
Added Pin To Net: NetName=NetD4_2 Pin=Q7-1
Added Pin To Net: NetName=+15V Pin=Q7-2
Added Pin To Net: NetName=NetD4_1 Pin=Q7-3
Added Pin To Net: NetName=NetD4_1 Pin=Q8-1
Added Pin To Net: NetName=NetD5_2 Pin=Q8-2
Added Pin To Net: NetName=+15V Pin=Q8-3
Added Pin To Net: NetName=NetQ9_1 Pin=Q9-1
Added Pin To Net: NetName=NetD6_2 Pin=Q9-2
Added Pin To Net: NetName=GND Pin=Q9-3
Added Pin To Net: NetName=NetD6_2 Pin=Q10-1
Added Pin To Net: NetName=+15V Pin=Q10-2
Added Pin To Net: NetName=NetD6_1 Pin=Q10-3
Added Pin To Net: NetName=NetD6_1 Pin=Q11-1
Added Pin To Net: NetName=NetD7_2 Pin=Q11-2
Added Pin To Net: NetName=+15V Pin=Q11-3
Added Pin To Net: NetName=NetQ1_1 Pin=R1-1
Added Pin To Net: NetName=NetKL1_2 Pin=R1-2
Added Pin To Net: NetName=NetKL2_2 Pin=R2-1
Added Pin To Net: NetName=NetQ1_1 Pin=R2-2
Added Pin To Net: NetName=NetC2_2 Pin=R3-1
Added Pin To Net: NetName=+15V Pin=R3-2
Added Pin To Net: NetName=NetD1_1 Pin=R4-1
Added Pin To Net: NetName=+12V Pin=R4-2
Added Pin To Net: NetName=GND Pin=R5-1
Added Pin To Net: NetName=NetD1_1 Pin=R5-2
Added Pin To Net: NetName=NetQ3_1 Pin=R6-1
Added Pin To Net: NetName=NetIC2_2 Pin=R6-2
Added Pin To Net: NetName=NetQ3_1 Pin=R7-1
Added Pin To Net: NetName=GND Pin=R7-2
Added Pin To Net: NetName=+15V Pin=R8-1
Added Pin To Net: NetName=NetD2_2 Pin=R8-2
Added Pin To Net: NetName=NetIC2_4 Pin=R10-1
Added Pin To Net: NetName=GND Pin=R10-2
Added Pin To Net: NetName=NetQ6_1 Pin=R11-1
Added Pin To Net: NetName=NetIC3_2 Pin=R11-2
Added Pin To Net: NetName=NetQ6_1 Pin=R12-1
Added Pin To Net: NetName=GND Pin=R12-2
Added Pin To Net: NetName=+15V Pin=R13-1
Added Pin To Net: NetName=NetD4_2 Pin=R13-2
Added Pin To Net: NetName=NetIC3_4 Pin=R15-1
Added Pin To Net: NetName=GND Pin=R15-2
Added Pin To Net: NetName=NetQ9_1 Pin=R16-1
Added Pin To Net: NetName=NetIC4_2 Pin=R16-2
Added Pin To Net: NetName=NetQ9_1 Pin=R17-1
Added Pin To Net: NetName=GND Pin=R17-2
Added Pin To Net: NetName=+15V Pin=R18-1
Added Pin To Net: NetName=NetD6_2 Pin=R18-2
Added Pin To Net: NetName=NetIC4_4 Pin=R20-1
Added Pin To Net: NetName=GND Pin=R20-2
Added Pin To Net: NetName=NetD1_1 Pin=R21-1
Added Pin To Net: NetName=+12V Pin=R21-2
Added Pin To Net: NetName=GND Pin=R22-1
Added Pin To Net: NetName=NetD1_1 Pin=R22-2
Added Pin To Net: NetName=NetLD1_1 Pin=R23-1
Added Pin To Net: NetName=+15V Pin=R23-2
Added Pin To Net: NetName=NetLD2_1 Pin=R24-1
Added Pin To Net: NetName=+12V Pin=R24-2
Added Pin To Net: NetName=NetLD3_1 Pin=R25-1
Added Pin To Net: NetName=5V-RPI Pin=R25-2
Added Pin To Net: NetName=NetLD4_1 Pin=R26-1
Added Pin To Net: NetName=5V-NUC Pin=R26-2
Added Pin To Net: NetName=NetLD5_1 Pin=R27-1
Added Pin To Net: NetName=5V-SERVO Pin=R27-2
Added Pin To Net: NetName=NetIC2_4 Pin=TR1-1
Added Pin To Net: NetName=NetIC2_4 Pin=TR1-2
Added Pin To Net: NetName=5V-RPI Pin=TR1-3
Added Pin To Net: NetName=NetIC3_4 Pin=TR2-1
Added Pin To Net: NetName=NetIC3_4 Pin=TR2-2
Added Pin To Net: NetName=5V-NUC Pin=TR2-3
Added Pin To Net: NetName=NetIC4_4 Pin=TR3-1
Added Pin To Net: NetName=NetIC4_4 Pin=TR3-2
Added Pin To Net: NetName=5V-SERVO Pin=TR3-3
Added Member To Class: ClassName=Shema Member=Component 100uF C3
Added Member To Class: ClassName=Shema Member=Component C1 1000uF
Added Member To Class: ClassName=Shema Member=Component C2 1uF
Added Member To Class: ClassName=Shema Member=Component C4 100uF
Added Member To Class: ClassName=Shema Member=Component C5 100uF
Added Member To Class: ClassName=Shema Member=Component C6 1000uF
Added Member To Class: ClassName=Shema Member=Component C7 100uF
Added Member To Class: ClassName=Shema Member=Component C8 1000uF
Added Member To Class: ClassName=Shema Member=Component C9 100uF
Added Member To Class: ClassName=Shema Member=Component D1 1n4007
Added Member To Class: ClassName=Shema Member=Component D2 1n4148
Added Member To Class: ClassName=Shema Member=Component D3 SB540 5A
Added Member To Class: ClassName=Shema Member=Component D4 1n4148
Added Member To Class: ClassName=Shema Member=Component D5 SB540 5A
Added Member To Class: ClassName=Shema Member=Component D6 1n4148
Added Member To Class: ClassName=Shema Member=Component D7 SB540 5A
Added Member To Class: ClassName=Shema Member=Component FUSE1 FUSE
Added Member To Class: ClassName=Shema Member=Component IC1 LM317
Added Member To Class: ClassName=Shema Member=Component IC2 LM2576
Added Member To Class: ClassName=Shema Member=Component IC3 LM2576
Added Member To Class: ClassName=Shema Member=Component IC4 LM2576
Added Member To Class: ClassName=Shema Member=Component KL1 +15
Added Member To Class: ClassName=Shema Member=Component KL2 Switch
Added Member To Class: ClassName=Shema Member=Component KL3 +12
Added Member To Class: ClassName=Shema Member=Component KL4 +12
Added Member To Class: ClassName=Shema Member=Component KL5 +12
Added Member To Class: ClassName=Shema Member=Component KL6 Klema
Added Member To Class: ClassName=Shema Member=Component KL7 Klema
Added Member To Class: ClassName=Shema Member=Component KL8 Klema
Added Member To Class: ClassName=Shema Member=Component KL9 Klema
Added Member To Class: ClassName=Shema Member=Component KL10 Klema
Added Member To Class: ClassName=Shema Member=Component KL11 Klema
Added Member To Class: ClassName=Shema Member=Component L1 100uH
Added Member To Class: ClassName=Shema Member=Component L2 100uH
Added Member To Class: ClassName=Shema Member=Component L3 100uH
Added Member To Class: ClassName=Shema Member=Component LD1 LED
Added Member To Class: ClassName=Shema Member=Component LD2 LED
Added Member To Class: ClassName=Shema Member=Component LD3 LED
Added Member To Class: ClassName=Shema Member=Component LD4 LED
Added Member To Class: ClassName=Shema Member=Component LD5 LED
Added Member To Class: ClassName=Shema Member=Component Q1 IRF4905
Added Member To Class: ClassName=Shema Member=Component Q2 BD912
Added Member To Class: ClassName=Shema Member=Component Q3 BC546
Added Member To Class: ClassName=Shema Member=Component Q4 BC546
Added Member To Class: ClassName=Shema Member=Component Q5 IRF4905
Added Member To Class: ClassName=Shema Member=Component Q6 BC546
Added Member To Class: ClassName=Shema Member=Component Q7 BC546
Added Member To Class: ClassName=Shema Member=Component Q8 IRF4905
Added Member To Class: ClassName=Shema Member=Component Q9 BC546
Added Member To Class: ClassName=Shema Member=Component Q10 BC546
Added Member To Class: ClassName=Shema Member=Component Q11 IRF4905
Added Member To Class: ClassName=Shema Member=Component R1 10K
Added Member To Class: ClassName=Shema Member=Component R2 1K
Added Member To Class: ClassName=Shema Member=Component R3 8.2
Added Member To Class: ClassName=Shema Member=Component R4 430
Added Member To Class: ClassName=Shema Member=Component R5 3K9
Added Member To Class: ClassName=Shema Member=Component R6 1K
Added Member To Class: ClassName=Shema Member=Component R7 1K
Added Member To Class: ClassName=Shema Member=Component R8 1K
Added Member To Class: ClassName=Shema Member=Component R10 1K2
Added Member To Class: ClassName=Shema Member=Component R11 1K
Added Member To Class: ClassName=Shema Member=Component R12 1K
Added Member To Class: ClassName=Shema Member=Component R13 1K
Added Member To Class: ClassName=Shema Member=Component R15 1K2
Added Member To Class: ClassName=Shema Member=Component R16 1K
Added Member To Class: ClassName=Shema Member=Component R17 1K
Added Member To Class: ClassName=Shema Member=Component R18 1K
Added Member To Class: ClassName=Shema Member=Component R20 1K2
Added Member To Class: ClassName=Shema Member=Component R21 470
Added Member To Class: ClassName=Shema Member=Component R22 3K9
Added Member To Class: ClassName=Shema Member=Component R23 R1
Added Member To Class: ClassName=Shema Member=Component R24 R1
Added Member To Class: ClassName=Shema Member=Component R25 R1
Added Member To Class: ClassName=Shema Member=Component R26 R1
Added Member To Class: ClassName=Shema Member=Component R27 R1
Added Member To Class: ClassName=Shema Member=Component TR1 TRIM
Added Member To Class: ClassName=Shema Member=Component TR2 TRIM
Added Member To Class: ClassName=Shema Member=Component TR3 TRIM
Added Room: Name=Shema
