Added Member To Class: ClassName=Shema Member=Component 100uF C3
Added Member To Class: ClassName=Shema Member=Component C1 1000uF
Added Member To Class: ClassName=Shema Member=Component C2 1uF
Added Member To Class: ClassName=Shema Member=Component C4 100uF
Added Member To Class: ClassName=Shema Member=Component C5 100uF
Added Member To Class: ClassName=Shema Member=Component C6 1000uF
Added Member To Class: ClassName=Shema Member=Component C7 100uF
Added Member To Class: ClassName=Shema Member=Component C8 1000uF
Added Member To Class: ClassName=Shema Member=Component C9 100uF
Added Member To Class: ClassName=Shema Member=Component D1 1n4007
Added Member To Class: ClassName=Shema Member=Component D2 1n4148
Added Member To Class: ClassName=Shema Member=Component D3 SB540 5A
Added Member To Class: ClassName=Shema Member=Component D4 1n4148
Added Member To Class: ClassName=Shema Member=Component D5 SB540 5A
Added Member To Class: ClassName=Shema Member=Component D6 1n4148
Added Member To Class: ClassName=Shema Member=Component D7 SB540 5A
Added Member To Class: ClassName=Shema Member=Component FUSE1 FUSE
Added Member To Class: ClassName=Shema Member=Component IC1 LM317
Added Member To Class: ClassName=Shema Member=Component IC2 LM2576
Added Member To Class: ClassName=Shema Member=Component IC3 LM2576
Added Member To Class: ClassName=Shema Member=Component IC4 LM2576
Added Member To Class: ClassName=Shema Member=Component KL1 +15
Added Member To Class: ClassName=Shema Member=Component KL2 Switch
Added Member To Class: ClassName=Shema Member=Component KL3 +12
Added Member To Class: ClassName=Shema Member=Component KL4 +12
Added Member To Class: ClassName=Shema Member=Component KL5 +12
Added Member To Class: ClassName=Shema Member=Component KL6 Klema
Added Member To Class: ClassName=Shema Member=Component KL7 Klema
Added Member To Class: ClassName=Shema Member=Component KL8 Klema
Added Member To Class: ClassName=Shema Member=Component KL9 Klema
Added Member To Class: ClassName=Shema Member=Component KL10 Klema
Added Member To Class: ClassName=Shema Member=Component KL11 Klema
Added Member To Class: ClassName=Shema Member=Component KL12 Switch
Added Member To Class: ClassName=Shema Member=Component L1 100uH
Added Member To Class: ClassName=Shema Member=Component L2 100uH
Added Member To Class: ClassName=Shema Member=Component L3 100uH
Added Member To Class: ClassName=Shema Member=Component LD1 LED
Added Member To Class: ClassName=Shema Member=Component LD2 LED
Added Member To Class: ClassName=Shema Member=Component LD3 LED
Added Member To Class: ClassName=Shema Member=Component LD4 LED
Added Member To Class: ClassName=Shema Member=Component LD5 LED
Added Member To Class: ClassName=Shema Member=Component Q1 IRF4905
Added Member To Class: ClassName=Shema Member=Component Q2 BD912
Added Member To Class: ClassName=Shema Member=Component Q3 BC546
Added Member To Class: ClassName=Shema Member=Component Q4 BC546
Added Member To Class: ClassName=Shema Member=Component Q5 IRF4905
Added Member To Class: ClassName=Shema Member=Component Q6 BC546
Added Member To Class: ClassName=Shema Member=Component Q7 BC546
Added Member To Class: ClassName=Shema Member=Component Q8 IRF4905
Added Member To Class: ClassName=Shema Member=Component Q9 BC546
Added Member To Class: ClassName=Shema Member=Component Q10 BC546
Added Member To Class: ClassName=Shema Member=Component Q11 IRF4905
Added Member To Class: ClassName=Shema Member=Component Q12 IRF4905
Added Member To Class: ClassName=Shema Member=Component R1 10K
Added Member To Class: ClassName=Shema Member=Component R2 1K
Added Member To Class: ClassName=Shema Member=Component R3 8.2
Added Member To Class: ClassName=Shema Member=Component R4 220
Added Member To Class: ClassName=Shema Member=Component R6 1K
Added Member To Class: ClassName=Shema Member=Component R7 1K
Added Member To Class: ClassName=Shema Member=Component R8 1K
Added Member To Class: ClassName=Shema Member=Component R10 1K2
Added Member To Class: ClassName=Shema Member=Component R11 1K
Added Member To Class: ClassName=Shema Member=Component R12 1K
Added Member To Class: ClassName=Shema Member=Component R13 1K
Added Member To Class: ClassName=Shema Member=Component R15 1K2
Added Member To Class: ClassName=Shema Member=Component R16 1K
Added Member To Class: ClassName=Shema Member=Component R17 1K
Added Member To Class: ClassName=Shema Member=Component R18 1K
Added Member To Class: ClassName=Shema Member=Component R20 1K2
Added Member To Class: ClassName=Shema Member=Component R23 R1
Added Member To Class: ClassName=Shema Member=Component R24 R1
Added Member To Class: ClassName=Shema Member=Component R25 R1
Added Member To Class: ClassName=Shema Member=Component R26 R1
Added Member To Class: ClassName=Shema Member=Component R27 R1
Added Member To Class: ClassName=Shema Member=Component R28 10K
Added Member To Class: ClassName=Shema Member=Component R29 1K
Added Member To Class: ClassName=Shema Member=Component TR0 TRIM
Added Member To Class: ClassName=Shema Member=Component TR1 TRIM
Added Member To Class: ClassName=Shema Member=Component TR2 TRIM
Added Member To Class: ClassName=Shema Member=Component TR3 TRIM
Added Room: Name=Shema
