Added Component: Designator=C1(C2(elektrolit))
Added Component: Designator=C2(C1(ceramic))
Added Component: Designator=C3(C3)
Added Component: Designator=C4(C2(elektrolit))
Added Component: Designator=C5(C2(elektrolit))
Added Component: Designator=C6(C3)
Added Component: Designator=C7(C2(elektrolit))
Added Component: Designator=C8(C1(ceramic))
Added Component: Designator=C9(C3)
Added Component: Designator=C10(C2(elektrolit))
Added Component: Designator=C11(C1(ceramic))
Added Component: Designator=C12(C3)
Added Component: Designator=C13(C3)
Added Component: Designator=C14(C3)
Added Component: Designator=CON1(Klema)
Added Component: Designator=CON2(Klema)
Added Component: Designator=CON3(Klema)
Added Component: Designator=CON4(Klema)
Added Component: Designator=CON5(Klema)
Added Component: Designator=D1(D1(300milsa))
Added Component: Designator=D2(D2(TO220))
Added Component: Designator=D3(D1(300milsa))
Added Component: Designator=D4(D2(TO220))
Added Component: Designator=D5(D1(300milsa))
Added Component: Designator=D6(D2(TO220))
Added Component: Designator=D7(D1(300milsa))
Added Component: Designator=D8(D1(300milsa))
Added Component: Designator=D9(D2(TO220))
Added Component: Designator=Fuse1(Osigurac)
Added Component: Designator=Header1(HEADER2x10)
Added Component: Designator=Header2(HEADER2x10)
Added Component: Designator=Header3(HEADER2x10)
Added Component: Designator=IC1(TO220)
Added Component: Designator=IC2(TO220)
Added Component: Designator=IC3(TO220)
Added Component: Designator=IC4(TO220)
Added Component: Designator=IC5(LM2576)
Added Component: Designator=L2(Kalem)
Added Component: Designator=LD1(LED(3mm))
Added Component: Designator=LD2(LED(3mm))
Added Component: Designator=LD3(LED(3mm))
Added Component: Designator=LD4(LED(3mm))
Added Component: Designator=LD5(LED(3mm))
Added Component: Designator=LD6(LED(3mm))
Added Component: Designator=POT1(TRIM)
Added Component: Designator=POT2(TRIM)
Added Component: Designator=POT3(TRIM)
Added Component: Designator=POT4(TRIM)
Added Component: Designator=POT5(TRIM)
Added Component: Designator=Q1(TO220)
Added Component: Designator=Q2(TO218)
Added Component: Designator=Q3(TO220)
Added Component: Designator=Q4(TO220)
Added Component: Designator=Q5(TO220)
Added Component: Designator=Q6(TO220)
Added Component: Designator=Q7(BC327)
Added Component: Designator=Q8(BC327)
Added Component: Designator=R1(R1(300milsa))
Added Component: Designator=R2(R1(2W))
Added Component: Designator=R3(R1(300milsa))
Added Component: Designator=R4(R1(2W))
Added Component: Designator=R5(R1(300milsa))
Added Component: Designator=R6(R1(2W))
Added Component: Designator=R7(R1(300milsa))
Added Component: Designator=R8(R1(2W))
Added Component: Designator=R9(R1(300milsa))
Added Component: Designator=R10(R1(300milsa))
Added Component: Designator=R11(R1(300milsa))
Added Component: Designator=R12(R1(300milsa))
Added Component: Designator=R13(R1(300milsa))
Added Component: Designator=R14(R1(300milsa))
Added Component: Designator=R15(R1(300milsa))
Added Component: Designator=R16(R1(300milsa))
Added Component: Designator=R17(R1(300milsa))
Added Component: Designator=R18(R1(300milsa))
Added Component: Designator=R19(R1(300milsa))
Added Component: Designator=R20(R1(200milsa))
Added Component: Designator=ZD1(D1(300milsa))
Added Component: Designator=ZD2(D1(300milsa))
Added Pin To Net: NetName=3V3 Pin=C9-1
Added Pin To Net: NetName=3V3 Pin=D5-2
Added Pin To Net: NetName=3V3 Pin=Header2-1
Added Pin To Net: NetName=3V3 Pin=Header2-3
Added Pin To Net: NetName=3V3 Pin=Header2-5
Added Pin To Net: NetName=3V3 Pin=Header2-7
Added Pin To Net: NetName=3V3 Pin=Header2-9
Added Pin To Net: NetName=3V3 Pin=Header2-11
Added Pin To Net: NetName=3V3 Pin=Header2-13
Added Pin To Net: NetName=3V3 Pin=Header2-15
Added Pin To Net: NetName=3V3 Pin=Header2-17
Added Pin To Net: NetName=3V3 Pin=Header2-19
Added Pin To Net: NetName=3V3 Pin=IC3-2
Added Pin To Net: NetName=3V3 Pin=Q4-3
Added Pin To Net: NetName=3V3 Pin=R7-2
Added Pin To Net: NetName=3V3 Pin=R18-1
Added Net: Name=3V3
Added Pin To Net: NetName=5-9V Pin=C6-1
Added Pin To Net: NetName=5-9V Pin=D3-2
Added Pin To Net: NetName=5-9V Pin=Header1-1
Added Pin To Net: NetName=5-9V Pin=Header1-3
Added Pin To Net: NetName=5-9V Pin=Header1-5
Added Pin To Net: NetName=5-9V Pin=Header1-7
Added Pin To Net: NetName=5-9V Pin=Header1-9
Added Pin To Net: NetName=5-9V Pin=Header1-11
Added Pin To Net: NetName=5-9V Pin=Header1-13
Added Pin To Net: NetName=5-9V Pin=Header1-15
Added Pin To Net: NetName=5-9V Pin=Header1-17
Added Pin To Net: NetName=5-9V Pin=Header1-19
Added Pin To Net: NetName=5-9V Pin=Q3-3
Added Pin To Net: NetName=5-9V Pin=R5-2
Added Pin To Net: NetName=5-9V Pin=R19-1
Added Net: Name=5-9V
Added Pin To Net: NetName=5V Pin=C12-1
Added Pin To Net: NetName=5V Pin=D7-2
Added Pin To Net: NetName=5V Pin=Header3-1
Added Pin To Net: NetName=5V Pin=Header3-3
Added Pin To Net: NetName=5V Pin=Header3-5
Added Pin To Net: NetName=5V Pin=Header3-7
Added Pin To Net: NetName=5V Pin=Header3-9
Added Pin To Net: NetName=5V Pin=Header3-11
Added Pin To Net: NetName=5V Pin=Header3-13
Added Pin To Net: NetName=5V Pin=Header3-15
Added Pin To Net: NetName=5V Pin=Header3-17
Added Pin To Net: NetName=5V Pin=Header3-19
Added Pin To Net: NetName=5V Pin=IC4-2
Added Pin To Net: NetName=5V Pin=Q5-3
Added Pin To Net: NetName=5V Pin=R9-2
Added Pin To Net: NetName=5V Pin=R17-1
Added Net: Name=5V
Added Pin To Net: NetName=8V Pin=C14-1
Added Pin To Net: NetName=8V Pin=D4-1
Added Pin To Net: NetName=8V Pin=D6-1
Added Pin To Net: NetName=8V Pin=L2-2
Added Pin To Net: NetName=8V Pin=POT5-3
Added Pin To Net: NetName=8V Pin=R16-1
Added Net: Name=8V
Added Pin To Net: NetName=12V Pin=C3-1
Added Pin To Net: NetName=12V Pin=CON3-1
Added Pin To Net: NetName=12V Pin=CON4-1
Added Pin To Net: NetName=12V Pin=CON5-1
Added Pin To Net: NetName=12V Pin=D1-2
Added Pin To Net: NetName=12V Pin=D2-1
Added Pin To Net: NetName=12V Pin=IC1-2
Added Pin To Net: NetName=12V Pin=Q2-3
Added Pin To Net: NetName=12V Pin=R3-2
Added Pin To Net: NetName=12V Pin=R15-1
Added Net: Name=12V
Added Pin To Net: NetName=15V Pin=C1-1
Added Pin To Net: NetName=15V Pin=C13-1
Added Pin To Net: NetName=15V Pin=Fuse1-2
Added Pin To Net: NetName=15V Pin=IC5-1
Added Pin To Net: NetName=15V Pin=Q2-2
Added Pin To Net: NetName=15V Pin=Q6-3
Added Pin To Net: NetName=15V Pin=Q7-2
Added Pin To Net: NetName=15V Pin=R2-2
Added Pin To Net: NetName=15V Pin=R12-1
Added Pin To Net: NetName=15V Pin=R14-1
Added Net: Name=15V
Added Pin To Net: NetName=GND Pin=C1-2
Added Pin To Net: NetName=GND Pin=C2-2
Added Pin To Net: NetName=GND Pin=C3-2
Added Pin To Net: NetName=GND Pin=C4-2
Added Pin To Net: NetName=GND Pin=C5-2
Added Pin To Net: NetName=GND Pin=C6-2
Added Pin To Net: NetName=GND Pin=C7-2
Added Pin To Net: NetName=GND Pin=C8-2
Added Pin To Net: NetName=GND Pin=C9-2
Added Pin To Net: NetName=GND Pin=C10-2
Added Pin To Net: NetName=GND Pin=C11-2
Added Pin To Net: NetName=GND Pin=C12-2
Added Pin To Net: NetName=GND Pin=C13-2
Added Pin To Net: NetName=GND Pin=C14-2
Added Pin To Net: NetName=GND Pin=CON1-1
Added Pin To Net: NetName=GND Pin=CON2-1
Added Pin To Net: NetName=GND Pin=CON3-2
Added Pin To Net: NetName=GND Pin=CON4-2
Added Pin To Net: NetName=GND Pin=CON5-2
Added Pin To Net: NetName=GND Pin=D9-1
Added Pin To Net: NetName=GND Pin=Header1-2
Added Pin To Net: NetName=GND Pin=Header1-4
Added Pin To Net: NetName=GND Pin=Header1-6
Added Pin To Net: NetName=GND Pin=Header1-8
Added Pin To Net: NetName=GND Pin=Header1-10
Added Pin To Net: NetName=GND Pin=Header1-12
Added Pin To Net: NetName=GND Pin=Header1-14
Added Pin To Net: NetName=GND Pin=Header1-16
Added Pin To Net: NetName=GND Pin=Header1-18
Added Pin To Net: NetName=GND Pin=Header1-20
Added Pin To Net: NetName=GND Pin=Header2-2
Added Pin To Net: NetName=GND Pin=Header2-4
Added Pin To Net: NetName=GND Pin=Header2-6
Added Pin To Net: NetName=GND Pin=Header2-8
Added Pin To Net: NetName=GND Pin=Header2-10
Added Pin To Net: NetName=GND Pin=Header2-12
Added Pin To Net: NetName=GND Pin=Header2-14
Added Pin To Net: NetName=GND Pin=Header2-16
Added Pin To Net: NetName=GND Pin=Header2-18
Added Pin To Net: NetName=GND Pin=Header2-20
Added Pin To Net: NetName=GND Pin=Header3-2
Added Pin To Net: NetName=GND Pin=Header3-4
Added Pin To Net: NetName=GND Pin=Header3-6
Added Pin To Net: NetName=GND Pin=Header3-8
Added Pin To Net: NetName=GND Pin=Header3-10
Added Pin To Net: NetName=GND Pin=Header3-12
Added Pin To Net: NetName=GND Pin=Header3-14
Added Pin To Net: NetName=GND Pin=Header3-16
Added Pin To Net: NetName=GND Pin=Header3-18
Added Pin To Net: NetName=GND Pin=Header3-20
Added Pin To Net: NetName=GND Pin=IC5-3
Added Pin To Net: NetName=GND Pin=IC5-5
Added Pin To Net: NetName=GND Pin=LD1-2
Added Pin To Net: NetName=GND Pin=LD2-2
Added Pin To Net: NetName=GND Pin=LD3-2
Added Pin To Net: NetName=GND Pin=LD4-2
Added Pin To Net: NetName=GND Pin=LD5-2
Added Pin To Net: NetName=GND Pin=LD6-2
Added Pin To Net: NetName=GND Pin=POT1-1
Added Pin To Net: NetName=GND Pin=POT2-1
Added Pin To Net: NetName=GND Pin=POT3-1
Added Pin To Net: NetName=GND Pin=POT4-1
Added Pin To Net: NetName=GND Pin=Q8-3
Added Pin To Net: NetName=GND Pin=R11-2
Added Pin To Net: NetName=GND Pin=R13-2
Added Pin To Net: NetName=GND Pin=ZD1-1
Added Pin To Net: NetName=GND Pin=ZD2-1
Added Net: Name=GND
Added Pin To Net: NetName=NetC2_1 Pin=C2-1
Added Pin To Net: NetName=NetC2_1 Pin=IC1-3
Added Pin To Net: NetName=NetC2_1 Pin=Q2-1
Added Pin To Net: NetName=NetC2_1 Pin=R2-1
Added Net: Name=NetC2_1
Added Pin To Net: NetName=NetC4_1 Pin=C4-1
Added Pin To Net: NetName=NetC4_1 Pin=D2-2
Added Pin To Net: NetName=NetC4_1 Pin=Q3-2
Added Pin To Net: NetName=NetC4_1 Pin=R4-2
Added Net: Name=NetC4_1
Added Pin To Net: NetName=NetC5_1 Pin=C5-1
Added Pin To Net: NetName=NetC5_1 Pin=IC2-3
Added Pin To Net: NetName=NetC5_1 Pin=Q3-1
Added Pin To Net: NetName=NetC5_1 Pin=R4-1
Added Net: Name=NetC5_1
Added Pin To Net: NetName=NetC7_1 Pin=C7-1
Added Pin To Net: NetName=NetC7_1 Pin=D4-2
Added Pin To Net: NetName=NetC7_1 Pin=Q4-2
Added Pin To Net: NetName=NetC7_1 Pin=R6-2
Added Net: Name=NetC7_1
Added Pin To Net: NetName=NetC8_1 Pin=C8-1
Added Pin To Net: NetName=NetC8_1 Pin=IC3-3
Added Pin To Net: NetName=NetC8_1 Pin=Q4-1
Added Pin To Net: NetName=NetC8_1 Pin=R6-1
Added Net: Name=NetC8_1
Added Pin To Net: NetName=NetC10_1 Pin=C10-1
Added Pin To Net: NetName=NetC10_1 Pin=D6-2
Added Pin To Net: NetName=NetC10_1 Pin=Q5-2
Added Pin To Net: NetName=NetC10_1 Pin=R8-2
Added Net: Name=NetC10_1
Added Pin To Net: NetName=NetC11_1 Pin=C11-1
Added Pin To Net: NetName=NetC11_1 Pin=IC4-3
Added Pin To Net: NetName=NetC11_1 Pin=Q5-1
Added Pin To Net: NetName=NetC11_1 Pin=R8-1
Added Net: Name=NetC11_1
Added Pin To Net: NetName=NetCON1_2 Pin=CON1-2
Added Pin To Net: NetName=NetCON1_2 Pin=Q1-3
Added Pin To Net: NetName=NetCON1_2 Pin=R1-2
Added Net: Name=NetCON1_2
Added Pin To Net: NetName=NetCON2_2 Pin=CON2-2
Added Pin To Net: NetName=NetCON2_2 Pin=R20-1
Added Net: Name=NetCON2_2
Added Pin To Net: NetName=NetD1_1 Pin=D1-1
Added Pin To Net: NetName=NetD1_1 Pin=IC1-1
Added Pin To Net: NetName=NetD1_1 Pin=POT1-2
Added Pin To Net: NetName=NetD1_1 Pin=POT1-3
Added Pin To Net: NetName=NetD1_1 Pin=R3-1
Added Net: Name=NetD1_1
Added Pin To Net: NetName=NetD3_1 Pin=D3-1
Added Pin To Net: NetName=NetD3_1 Pin=POT2-2
Added Pin To Net: NetName=NetD3_1 Pin=POT2-3
Added Pin To Net: NetName=NetD3_1 Pin=R5-1
Added Pin To Net: NetName=NetD3_1 Pin=ZD1-2
Added Net: Name=NetD3_1
Added Pin To Net: NetName=NetD5_1 Pin=D5-1
Added Pin To Net: NetName=NetD5_1 Pin=IC3-1
Added Pin To Net: NetName=NetD5_1 Pin=POT3-2
Added Pin To Net: NetName=NetD5_1 Pin=POT3-3
Added Pin To Net: NetName=NetD5_1 Pin=R7-1
Added Net: Name=NetD5_1
Added Pin To Net: NetName=NetD7_1 Pin=D7-1
Added Pin To Net: NetName=NetD7_1 Pin=IC4-1
Added Pin To Net: NetName=NetD7_1 Pin=POT4-2
Added Pin To Net: NetName=NetD7_1 Pin=POT4-3
Added Pin To Net: NetName=NetD7_1 Pin=R9-1
Added Pin To Net: NetName=NetD7_1 Pin=ZD2-2
Added Net: Name=NetD7_1
Added Pin To Net: NetName=NetD8_1 Pin=D8-1
Added Pin To Net: NetName=NetD8_1 Pin=Q6-1
Added Pin To Net: NetName=NetD8_1 Pin=Q7-3
Added Net: Name=NetD8_1
Added Pin To Net: NetName=NetD8_2 Pin=D8-2
Added Pin To Net: NetName=NetD8_2 Pin=Q7-1
Added Pin To Net: NetName=NetD8_2 Pin=Q8-2
Added Pin To Net: NetName=NetD8_2 Pin=R12-2
Added Net: Name=NetD8_2
Added Pin To Net: NetName=NetD9_2 Pin=D9-2
Added Pin To Net: NetName=NetD9_2 Pin=L2-1
Added Pin To Net: NetName=NetD9_2 Pin=Q6-2
Added Net: Name=NetD9_2
Added Pin To Net: NetName=NetFuse1_1 Pin=Fuse1-1
Added Pin To Net: NetName=NetFuse1_1 Pin=Q1-2
Added Net: Name=NetFuse1_1
Added Pin To Net: NetName=NetIC5_2 Pin=IC5-2
Added Pin To Net: NetName=NetIC5_2 Pin=R10-2
Added Net: Name=NetIC5_2
Added Pin To Net: NetName=NetIC5_4 Pin=IC5-4
Added Pin To Net: NetName=NetIC5_4 Pin=POT5-1
Added Pin To Net: NetName=NetIC5_4 Pin=POT5-2
Added Pin To Net: NetName=NetIC5_4 Pin=R13-1
Added Net: Name=NetIC5_4
Added Pin To Net: NetName=NetLD1_1 Pin=LD1-1
Added Pin To Net: NetName=NetLD1_1 Pin=R14-2
Added Net: Name=NetLD1_1
Added Pin To Net: NetName=NetLD2_1 Pin=LD2-1
Added Pin To Net: NetName=NetLD2_1 Pin=R15-2
Added Net: Name=NetLD2_1
Added Pin To Net: NetName=NetLD3_1 Pin=LD3-1
Added Pin To Net: NetName=NetLD3_1 Pin=R16-2
Added Net: Name=NetLD3_1
Added Pin To Net: NetName=NetLD4_1 Pin=LD4-1
Added Pin To Net: NetName=NetLD4_1 Pin=R17-2
Added Net: Name=NetLD4_1
Added Pin To Net: NetName=NetLD5_1 Pin=LD5-1
Added Pin To Net: NetName=NetLD5_1 Pin=R18-2
Added Net: Name=NetLD5_1
Added Pin To Net: NetName=NetLD6_1 Pin=LD6-1
Added Pin To Net: NetName=NetLD6_1 Pin=R19-2
Added Net: Name=NetLD6_1
Added Pin To Net: NetName=NetQ1_1 Pin=Q1-1
Added Pin To Net: NetName=NetQ1_1 Pin=R1-1
Added Pin To Net: NetName=NetQ1_1 Pin=R20-2
Added Net: Name=NetQ1_1
Added Pin To Net: NetName=NetQ8_1 Pin=Q8-1
Added Pin To Net: NetName=NetQ8_1 Pin=R10-1
Added Pin To Net: NetName=NetQ8_1 Pin=R11-1
Added Net: Name=NetQ8_1
Added Class: Name=Sema_Napajanje_EUROBOT-2016
Added Room: Name=Sema_Napajanje_EUROBOT-2016
