Added Component: Designator=C1(C2(elektrolit))
Add component. Clean all parameters for all variants
Added Component: Designator=C2(C1(ceramic))
Add component. Clean all parameters for all variants
Added Component: Designator=C3(C1(5x5.3))
Add component. Clean all parameters for all variants
Added Component: Designator=C4(C2(elektrolit))
Add component. Clean all parameters for all variants
Added Component: Designator=C5(C1(ceramic))
Add component. Clean all parameters for all variants
Added Component: Designator=C6(C2(elektrolit))
Add component. Clean all parameters for all variants
Added Component: Designator=C7(C1(ceramic))
Add component. Clean all parameters for all variants
Added Component: Designator=C8(C2(elektrolit))
Add component. Clean all parameters for all variants
Added Component: Designator=C9(C1(ceramic))
Add component. Clean all parameters for all variants
Added Component: Designator=D1(LED(3mm))
Add component. Clean all parameters for all variants
Added Component: Designator=D2(LED(3mm))
Add component. Clean all parameters for all variants
Added Component: Designator=D3(LED(3mm))
Add component. Clean all parameters for all variants
Added Component: Designator=D4(LED(3mm))
Add component. Clean all parameters for all variants
Added Component: Designator=D5(D1(300milsa))
Add component. Clean all parameters for all variants
Added Component: Designator=D6(D2(5A))
Add component. Clean all parameters for all variants
Added Component: Designator=D7(D1(300milsa))
Add component. Clean all parameters for all variants
Added Component: Designator=F1(Osigurac)
Add component. Clean all parameters for all variants
Added Component: Designator=F2(Osigurac)
Add component. Clean all parameters for all variants
Added Component: Designator=F3(Osigurac)
Add component. Clean all parameters for all variants
Added Component: Designator=L1(Coil_14x8)
Add component. Clean all parameters for all variants
Added Component: Designator=Q1(TO220)
Add component. Clean all parameters for all variants
Added Component: Designator=Q2(BD912)
Add component. Clean all parameters for all variants
Added Component: Designator=Q3(TO220)
Add component. Clean all parameters for all variants
Added Component: Designator=Q4(TO-92)
Add component. Clean all parameters for all variants
Added Component: Designator=Q5(TO-92)
Add component. Clean all parameters for all variants
Added Component: Designator=R1(R1(300milsa))
Add component. Clean all parameters for all variants
Add component (AddParameter): Name = "Value"; Value = "1K"; VariantName = "[No Variations]"
Added Component: Designator=R2(R1(300milsa))
Add component. Clean all parameters for all variants
Add component (AddParameter): Name = "Value"; Value = "1K"; VariantName = "[No Variations]"
Added Component: Designator=R3(R1(300milsa))
Add component. Clean all parameters for all variants
Add component (AddParameter): Name = "Value"; Value = "1K"; VariantName = "[No Variations]"
Added Component: Designator=R4(R1(300milsa))
Add component. Clean all parameters for all variants
Add component (AddParameter): Name = "Value"; Value = "1K"; VariantName = "[No Variations]"
Added Component: Designator=R5(R1(300milsa))
Add component. Clean all parameters for all variants
Add component (AddParameter): Name = "Value"; Value = "1K"; VariantName = "[No Variations]"
Added Component: Designator=R6(R1(300milsa))
Add component. Clean all parameters for all variants
Add component (AddParameter): Name = "Value"; Value = "1K"; VariantName = "[No Variations]"
Added Component: Designator=R7(R1(300milsa))
Add component. Clean all parameters for all variants
Add component (AddParameter): Name = "Value"; Value = "1K"; VariantName = "[No Variations]"
Added Component: Designator=R8(R1(300milsa))
Add component. Clean all parameters for all variants
Add component (AddParameter): Name = "Value"; Value = "1K"; VariantName = "[No Variations]"
Added Component: Designator=R9(TRIM)
Add component. Clean all parameters for all variants
Added Component: Designator=R10(R1(300milsa))
Add component. Clean all parameters for all variants
Add component (AddParameter): Name = "Value"; Value = "1K"; VariantName = "[No Variations]"
Added Component: Designator=R11(TRIM)
Add component. Clean all parameters for all variants
Added Component: Designator=R12(R1(300milsa))
Add component. Clean all parameters for all variants
Add component (AddParameter): Name = "Value"; Value = "1K"; VariantName = "[No Variations]"
Added Component: Designator=R13(R1(200milsa))
Add component. Clean all parameters for all variants
Add component (AddParameter): Name = "Value"; Value = "1K"; VariantName = "[No Variations]"
Added Component: Designator=R14(R1(300milsa))
Add component. Clean all parameters for all variants
Add component (AddParameter): Name = "Value"; Value = "1K"; VariantName = "[No Variations]"
Added Component: Designator=U1(TO220)
Add component. Clean all parameters for all variants
Added Component: Designator=U2(LM2576)
Add component. Clean all parameters for all variants
Added Component: Designator=X1(Klema3)
Add component. Clean all parameters for all variants
Added Component: Designator=X2(Klema)
Add component. Clean all parameters for all variants
Added Component: Designator=X3(Klema3)
Add component. Clean all parameters for all variants
Added Component: Designator=X4(Klema)
Add component. Clean all parameters for all variants
Added Component: Designator=X5(Klema)
Add component. Clean all parameters for all variants
Added Component: Designator=X6(Klema3)
Add component. Clean all parameters for all variants
Added Component: Designator=X7(Klema3)
Add component. Clean all parameters for all variants
Added Component: Designator=X8(Klema)
Add component. Clean all parameters for all variants
Added Component: Designator=X9(Klema3)
Add component. Clean all parameters for all variants
Added Component: Designator=X10(Klema3)
Add component. Clean all parameters for all variants
Added Pin To Net: NetName=+12 Pin=C1-1
Added Pin To Net: NetName=+12 Pin=C2-1
Added Pin To Net: NetName=+12 Pin=C8-1
Added Pin To Net: NetName=+12 Pin=C9-2
Added Pin To Net: NetName=+12 Pin=F1-1
Added Pin To Net: NetName=+12 Pin=Q1-2
Added Pin To Net: NetName=+12 Pin=Q2-3
Added Pin To Net: NetName=+12 Pin=Q3-3
Added Pin To Net: NetName=+12 Pin=Q4-3
Added Pin To Net: NetName=+12 Pin=R7-2
Added Pin To Net: NetName=+12 Pin=R10-2
Added Pin To Net: NetName=+12 Pin=U2-1
Added Net: Name=+12
Added Pin To Net: NetName=+12V Motor Pin=D2-1
Added Pin To Net: NetName=+12V Motor Pin=F1-2
Added Pin To Net: NetName=+12V Motor Pin=X9-1
Added Pin To Net: NetName=+12V Motor Pin=X9-3
Added Pin To Net: NetName=+12V Motor Pin=X10-2
Added Net: Name=+12V Motor
Added Pin To Net: NetName=5V Lin Pin=D3-1
Added Pin To Net: NetName=5V Lin Pin=F2-2
Added Pin To Net: NetName=5V Lin Pin=X1-1
Added Pin To Net: NetName=5V Lin Pin=X1-3
Added Pin To Net: NetName=5V Lin Pin=X3-2
Added Pin To Net: NetName=5V Lin Pin=X5-1
Added Net: Name=5V Lin
Added Pin To Net: NetName=5V Switch Pin=D4-1
Added Pin To Net: NetName=5V Switch Pin=F3-2
Added Pin To Net: NetName=5V Switch Pin=X6-1
Added Pin To Net: NetName=5V Switch Pin=X6-3
Added Pin To Net: NetName=5V Switch Pin=X7-2
Added Pin To Net: NetName=5V Switch Pin=X8-1
Added Net: Name=5V Switch
Added Pin To Net: NetName=BAT Pin=D1-1
Added Pin To Net: NetName=BAT Pin=Q1-3
Added Pin To Net: NetName=BAT Pin=R1-2
Added Pin To Net: NetName=BAT Pin=X2-2
Added Net: Name=BAT
Added Pin To Net: NetName=GND Pin=C1-2
Added Pin To Net: NetName=GND Pin=C2-2
Added Pin To Net: NetName=GND Pin=C3-2
Added Pin To Net: NetName=GND Pin=C4-2
Added Pin To Net: NetName=GND Pin=C5-2
Added Pin To Net: NetName=GND Pin=C6-2
Added Pin To Net: NetName=GND Pin=C7-1
Added Pin To Net: NetName=GND Pin=C8-2
Added Pin To Net: NetName=GND Pin=C9-1
Added Pin To Net: NetName=GND Pin=D6-1
Added Pin To Net: NetName=GND Pin=Q5-2
Added Pin To Net: NetName=GND Pin=R3-1
Added Pin To Net: NetName=GND Pin=R4-1
Added Pin To Net: NetName=GND Pin=R5-1
Added Pin To Net: NetName=GND Pin=R6-1
Added Pin To Net: NetName=GND Pin=R9-3
Added Pin To Net: NetName=GND Pin=R13-1
Added Pin To Net: NetName=GND Pin=R14-1
Added Pin To Net: NetName=GND Pin=U2-3
Added Pin To Net: NetName=GND Pin=U2-5
Added Pin To Net: NetName=GND Pin=X1-2
Added Pin To Net: NetName=GND Pin=X2-1
Added Pin To Net: NetName=GND Pin=X3-1
Added Pin To Net: NetName=GND Pin=X3-3
Added Pin To Net: NetName=GND Pin=X4-1
Added Pin To Net: NetName=GND Pin=X5-2
Added Pin To Net: NetName=GND Pin=X6-2
Added Pin To Net: NetName=GND Pin=X7-1
Added Pin To Net: NetName=GND Pin=X7-3
Added Pin To Net: NetName=GND Pin=X8-2
Added Pin To Net: NetName=GND Pin=X9-2
Added Pin To Net: NetName=GND Pin=X10-1
Added Pin To Net: NetName=GND Pin=X10-3
Added Net: Name=GND
Added Pin To Net: NetName=NetC3_1 Pin=C3-1
Added Pin To Net: NetName=NetC3_1 Pin=Q2-1
Added Pin To Net: NetName=NetC3_1 Pin=R7-1
Added Pin To Net: NetName=NetC3_1 Pin=U1-3
Added Net: Name=NetC3_1
Added Pin To Net: NetName=NetC4_1 Pin=C4-1
Added Pin To Net: NetName=NetC4_1 Pin=C5-1
Added Pin To Net: NetName=NetC4_1 Pin=D5-2
Added Pin To Net: NetName=NetC4_1 Pin=F2-1
Added Pin To Net: NetName=NetC4_1 Pin=Q2-2
Added Pin To Net: NetName=NetC4_1 Pin=R8-2
Added Pin To Net: NetName=NetC4_1 Pin=U1-2
Added Net: Name=NetC4_1
Added Pin To Net: NetName=NetC6_1 Pin=C6-1
Added Pin To Net: NetName=NetC6_1 Pin=C7-2
Added Pin To Net: NetName=NetC6_1 Pin=F3-1
Added Pin To Net: NetName=NetC6_1 Pin=L1-2
Added Pin To Net: NetName=NetC6_1 Pin=R11-1
Added Net: Name=NetC6_1
Added Pin To Net: NetName=NetD1_2 Pin=D1-2
Added Pin To Net: NetName=NetD1_2 Pin=R3-2
Added Net: Name=NetD1_2
Added Pin To Net: NetName=NetD2_2 Pin=D2-2
Added Pin To Net: NetName=NetD2_2 Pin=R4-2
Added Net: Name=NetD2_2
Added Pin To Net: NetName=NetD3_2 Pin=D3-2
Added Pin To Net: NetName=NetD3_2 Pin=R5-2
Added Net: Name=NetD3_2
Added Pin To Net: NetName=NetD4_2 Pin=D4-2
Added Pin To Net: NetName=NetD4_2 Pin=R6-2
Added Net: Name=NetD4_2
Added Pin To Net: NetName=NetD5_1 Pin=D5-1
Added Pin To Net: NetName=NetD5_1 Pin=R8-1
Added Pin To Net: NetName=NetD5_1 Pin=R9-1
Added Pin To Net: NetName=NetD5_1 Pin=R9-2
Added Pin To Net: NetName=NetD5_1 Pin=U1-1
Added Net: Name=NetD5_1
Added Pin To Net: NetName=NetD6_2 Pin=D6-2
Added Pin To Net: NetName=NetD6_2 Pin=L1-1
Added Pin To Net: NetName=NetD6_2 Pin=Q3-2
Added Net: Name=NetD6_2
Added Pin To Net: NetName=NetD7_1 Pin=D7-1
Added Pin To Net: NetName=NetD7_1 Pin=Q3-1
Added Pin To Net: NetName=NetD7_1 Pin=Q4-2
Added Net: Name=NetD7_1
Added Pin To Net: NetName=NetD7_2 Pin=D7-2
Added Pin To Net: NetName=NetD7_2 Pin=Q4-1
Added Pin To Net: NetName=NetD7_2 Pin=Q5-3
Added Pin To Net: NetName=NetD7_2 Pin=R10-1
Added Net: Name=NetD7_2
Added Pin To Net: NetName=NetQ1_1 Pin=Q1-1
Added Pin To Net: NetName=NetQ1_1 Pin=R1-1
Added Pin To Net: NetName=NetQ1_1 Pin=R2-2
Added Net: Name=NetQ1_1
Added Pin To Net: NetName=NetQ5_1 Pin=Q5-1
Added Pin To Net: NetName=NetQ5_1 Pin=R12-2
Added Net: Name=NetQ5_1
Added Pin To Net: NetName=NetR2_1 Pin=R2-1
Added Pin To Net: NetName=NetR2_1 Pin=X4-2
Added Net: Name=NetR2_1
Added Pin To Net: NetName=NetR11_2 Pin=R11-2
Added Pin To Net: NetName=NetR11_2 Pin=R11-3
Added Pin To Net: NetName=NetR11_2 Pin=R13-2
Added Pin To Net: NetName=NetR11_2 Pin=U2-4
Added Net: Name=NetR11_2
Added Pin To Net: NetName=NetR12_1 Pin=R12-1
Added Pin To Net: NetName=NetR12_1 Pin=R14-2
Added Pin To Net: NetName=NetR12_1 Pin=U2-2
Added Net: Name=NetR12_1
Added Class: Name=Sheet1
Added Room: Name=Sheet1
