Added Component: Designator=C2(C1(ceramic))
Add component. Clean all parameters for all variants
Added Component: Designator=C5(C1(ceramic))
Add component. Clean all parameters for all variants
Added Component: Designator=C7(C1(ceramic))
Add component. Clean all parameters for all variants
Added Component: Designator=C9(C1(ceramic))
Add component. Clean all parameters for all variants
Added Pin To Net: NetName=+12 Pin=C2-1
Added Pin To Net: NetName=GND Pin=C2-2
Added Pin To Net: NetName=NetC4_1 Pin=C5-1
Added Pin To Net: NetName=GND Pin=C5-2
Added Pin To Net: NetName=GND Pin=C7-1
Added Pin To Net: NetName=NetC6_1 Pin=C7-2
Added Pin To Net: NetName=GND Pin=C9-1
Added Pin To Net: NetName=+12 Pin=C9-2
Added Member To Class: ClassName=Sheet1 Member=Component C2 Capacitor Ceramic
Added Member To Class: ClassName=Sheet1 Member=Component C5 Capacitor Ceramic
Added Member To Class: ClassName=Sheet1 Member=Component C7 Capacitor Ceramic
Added Member To Class: ClassName=Sheet1 Member=Component C9 Capacitor Ceramic
