Change Component Designator: OldDesignator=X2 NewDesignator=X1
Change Component Designator: OldDesignator=X4 NewDesignator=X2
Change Component Designator: OldDesignator=X9 NewDesignator=X3
Change Component Designator: OldDesignator=X10 NewDesignator=X4
Added Component: Designator=*1(KLEMA8)
Add component. Clean all parameters for all variants
Added Component: Designator=*2(KLEMA8)
Add component. Clean all parameters for all variants
Added Pin To Net: NetName=5V Lin Pin=*1-1
Added Pin To Net: NetName=GND Pin=*1-2
Added Pin To Net: NetName=5V Lin Pin=*1-3
Added Pin To Net: NetName=GND Pin=*1-4
Added Pin To Net: NetName=5V Lin Pin=*1-5
Added Pin To Net: NetName=GND Pin=*1-6
Added Pin To Net: NetName=5V Lin Pin=*1-7
Added Pin To Net: NetName=GND Pin=*1-8
Added Pin To Net: NetName=5V Switch Pin=*2-1
Added Pin To Net: NetName=GND Pin=*2-2
Added Pin To Net: NetName=5V Switch Pin=*2-3
Added Pin To Net: NetName=GND Pin=*2-4
Added Pin To Net: NetName=5V Switch Pin=*2-5
Added Pin To Net: NetName=GND Pin=*2-6
Added Pin To Net: NetName=5V Switch Pin=*2-7
Added Pin To Net: NetName=GND Pin=*2-8
Added Member To Class: ClassName=Sheet1 Member=Component *1 Klema8
Added Member To Class: ClassName=Sheet1 Member=Component *2 Klema8
Added Room: Name=Sheet1
