Added Component: Designator=H1(Header 1x3)
Added Component: Designator=H2(Header 1x3)
Added Component: Designator=H3(Header1x2)
Added Component: Designator=H4(Header1x2)
Added Component: Designator=H5(Header1x2)
Added Component: Designator=H6(Header1x2)
Added Component: Designator=H7(Header 1x3)
Added Component: Designator=H8(Header 1x3)
Added Component: Designator=H9(Header 1x3)
Added Component: Designator=H10(Header 1x3)
Added Component: Designator=H11(Header1x4)
Added Component: Designator=H12(Header1x4)
Added Component: Designator=H13(Header 1x3)
Added Component: Designator=H14(Header 1x3)
Added Component: Designator=H15(Header 1x3)
Added Component: Designator=H16(Header1x6)
Added Component: Designator=H17(Header1x4)
Added Component: Designator=H18(Header1x4)
Added Component: Designator=IC1(DIP40)
Added Component: Designator=TR1(TRIM)
Added Component: Designator=TR2(TRIM)
Added Component: Designator=TR3(TRIM)
Added Pin To Net: NetName=3V3 Pin=H12-4
Added Pin To Net: NetName=3V3 Pin=H17-4
Added Pin To Net: NetName=3V3 Pin=H18-4
Added Pin To Net: NetName=3V3 Pin=IC1-11
Added Pin To Net: NetName=3V3 Pin=IC1-32
Added Net: Name=3V3
Added Pin To Net: NetName=5V Pin=H1-1
Added Pin To Net: NetName=5V Pin=H2-1
Added Pin To Net: NetName=5V Pin=H3-1
Added Pin To Net: NetName=5V Pin=H4-1
Added Pin To Net: NetName=5V Pin=H5-1
Added Pin To Net: NetName=5V Pin=H6-1
Added Pin To Net: NetName=5V Pin=H7-2
Added Pin To Net: NetName=5V Pin=H8-2
Added Pin To Net: NetName=5V Pin=H9-2
Added Pin To Net: NetName=5V Pin=H10-2
Added Pin To Net: NetName=5V Pin=H11-1
Added Pin To Net: NetName=5V Pin=H16-5
Added Pin To Net: NetName=5V Pin=TR1-1
Added Pin To Net: NetName=5V Pin=TR2-1
Added Pin To Net: NetName=5V Pin=TR3-1
Added Net: Name=5V
Added Pin To Net: NetName=GND Pin=H1-2
Added Pin To Net: NetName=GND Pin=H2-2
Added Pin To Net: NetName=GND Pin=H7-3
Added Pin To Net: NetName=GND Pin=H8-3
Added Pin To Net: NetName=GND Pin=H9-3
Added Pin To Net: NetName=GND Pin=H10-3
Added Pin To Net: NetName=GND Pin=H11-4
Added Pin To Net: NetName=GND Pin=H12-3
Added Pin To Net: NetName=GND Pin=H13-1
Added Pin To Net: NetName=GND Pin=H14-1
Added Pin To Net: NetName=GND Pin=H15-1
Added Pin To Net: NetName=GND Pin=H16-6
Added Pin To Net: NetName=GND Pin=IC1-12
Added Pin To Net: NetName=GND Pin=IC1-31
Added Net: Name=GND
Added Pin To Net: NetName=PA0 Pin=H16-1
Added Pin To Net: NetName=PA0 Pin=IC1-2
Added Net: Name=PA0
Added Pin To Net: NetName=PA1 Pin=H1-3
Added Pin To Net: NetName=PA1 Pin=IC1-3
Added Net: Name=PA1
Added Pin To Net: NetName=PA2 Pin=H2-3
Added Pin To Net: NetName=PA2 Pin=IC1-4
Added Net: Name=PA2
Added Pin To Net: NetName=PA3 Pin=IC1-5
Added Net: Name=PA3
Added Pin To Net: NetName=PA4 Pin=H11-2
Added Pin To Net: NetName=PA4 Pin=IC1-37
Added Net: Name=PA4
Added Pin To Net: NetName=PA7 Pin=IC1-39
Added Net: Name=PA7
Added Pin To Net: NetName=PA8 Pin=H6-2
Added Pin To Net: NetName=PA8 Pin=IC1-10
Added Net: Name=PA8
Added Pin To Net: NetName=PA13 Pin=H14-2
Added Pin To Net: NetName=PA13 Pin=IC1-35
Added Net: Name=PA13
Added Pin To Net: NetName=PA14 Pin=H14-3
Added Pin To Net: NetName=PA14 Pin=IC1-36
Added Net: Name=PA14
Added Pin To Net: NetName=PA15 Pin=H11-3
Added Pin To Net: NetName=PA15 Pin=IC1-30
Added Net: Name=PA15
Added Pin To Net: NetName=PB0 Pin=H9-1
Added Pin To Net: NetName=PB0 Pin=IC1-19
Added Net: Name=PB0
Added Pin To Net: NetName=PB1 Pin=H10-1
Added Pin To Net: NetName=PB1 Pin=IC1-20
Added Net: Name=PB1
Added Pin To Net: NetName=PB4 Pin=H7-1
Added Pin To Net: NetName=PB4 Pin=IC1-16
Added Net: Name=PB4
Added Pin To Net: NetName=PB5 Pin=H8-1
Added Pin To Net: NetName=PB5 Pin=IC1-17
Added Net: Name=PB5
Added Pin To Net: NetName=PB6 Pin=H18-2
Added Pin To Net: NetName=PB6 Pin=IC1-25
Added Net: Name=PB6
Added Pin To Net: NetName=PB7 Pin=H17-2
Added Pin To Net: NetName=PB7 Pin=IC1-26
Added Net: Name=PB7
Added Pin To Net: NetName=PB8 Pin=H13-2
Added Pin To Net: NetName=PB8 Pin=IC1-14
Added Net: Name=PB8
Added Pin To Net: NetName=PB9 Pin=H13-3
Added Pin To Net: NetName=PB9 Pin=IC1-13
Added Net: Name=PB9
Added Pin To Net: NetName=PB10 Pin=H17-3
Added Pin To Net: NetName=PB10 Pin=IC1-28
Added Net: Name=PB10
Added Pin To Net: NetName=PB11 Pin=H18-3
Added Pin To Net: NetName=PB11 Pin=IC1-27
Added Net: Name=PB11
Added Pin To Net: NetName=PB12 Pin=H3-2
Added Pin To Net: NetName=PB12 Pin=IC1-7
Added Net: Name=PB12
Added Pin To Net: NetName=PB13 Pin=IC1-18
Added Net: Name=PB13
Added Pin To Net: NetName=PB14 Pin=H18-1
Added Pin To Net: NetName=PB14 Pin=IC1-23
Added Net: Name=PB14
Added Pin To Net: NetName=PB15 Pin=H17-1
Added Pin To Net: NetName=PB15 Pin=IC1-24
Added Net: Name=PB15
Added Pin To Net: NetName=PC0 Pin=IC1-6
Added Net: Name=PC0
Added Pin To Net: NetName=PC1 Pin=H4-2
Added Pin To Net: NetName=PC1 Pin=IC1-8
Added Net: Name=PC1
Added Pin To Net: NetName=PC2 Pin=H5-2
Added Pin To Net: NetName=PC2 Pin=IC1-9
Added Net: Name=PC2
Added Pin To Net: NetName=PC4 Pin=H15-3
Added Pin To Net: NetName=PC4 Pin=IC1-34
Added Net: Name=PC4
Added Pin To Net: NetName=PC5 Pin=H15-2
Added Pin To Net: NetName=PC5 Pin=IC1-33
Added Net: Name=PC5
Added Pin To Net: NetName=PC9 Pin=IC1-15
Added Net: Name=PC9
Added Pin To Net: NetName=PC10 Pin=H12-1
Added Pin To Net: NetName=PC10 Pin=IC1-21
Added Net: Name=PC10
Added Pin To Net: NetName=PC11 Pin=H12-2
Added Pin To Net: NetName=PC11 Pin=IC1-22
Added Net: Name=PC11
Added Pin To Net: NetName=TR1 Pin=H16-2
Added Pin To Net: NetName=TR1 Pin=TR1-2
Added Pin To Net: NetName=TR1 Pin=TR1-3
Added Net: Name=TR1
Added Pin To Net: NetName=TR2 Pin=H16-3
Added Pin To Net: NetName=TR2 Pin=TR2-2
Added Pin To Net: NetName=TR2 Pin=TR2-3
Added Net: Name=TR2
Added Pin To Net: NetName=TR3 Pin=H16-4
Added Pin To Net: NetName=TR3 Pin=TR3-2
Added Pin To Net: NetName=TR3 Pin=TR3-3
Added Net: Name=TR3
Added Class: Name=ShemaMiniM4
Added Room: Name=ShemaMiniM4
