Added Component: Designator=1(SIP4)
Added Component: Designator=1(SIP6)
Added Component: Designator=1(klema)
Added Component: Designator=2(SIP6)
Added Component: Designator=2(SIP4)
Added Component: Designator=2(klema)
Added Pin To Net: NetName=Net1_1 Pin=1-1
Added Pin To Net: NetName=Net1_1 Pin=1-2
Added Net: Name=Net1_1
Added Pin To Net: NetName=Net1_2 Pin=1-2
Added Pin To Net: NetName=Net1_2 Pin=1-5
Added Net: Name=Net1_2
Added Pin To Net: NetName=Net1_3 Pin=1-3
Added Pin To Net: NetName=Net1_3 Pin=1-4
Added Net: Name=Net1_3
Added Pin To Net: NetName=Net2_1 Pin=2-1
Added Pin To Net: NetName=Net2_1 Pin=2-2
Added Net: Name=Net2_1
Added Pin To Net: NetName=Net2_2 Pin=2-2
Added Pin To Net: NetName=Net2_2 Pin=2-5
Added Net: Name=Net2_2
Added Pin To Net: NetName=Net2_3 Pin=2-3
Added Pin To Net: NetName=Net2_3 Pin=2-4
Added Net: Name=Net2_3
Added Class: Name=MotorsAdapter
Added Room: Name=MotorsAdapter
